{"C:\\Users\\Jarvis\\Verif-AI\\frontend\\src\\components\\ui\\button.tsx": {"path":"C:\\Users\\Jarvis\\Verif-AI\\frontend\\src\\components\\ui\\button.tsx","statementMap":{"0":{"start":{"line":7,"column":6},"end":{"line":34,"column":null}},"1":{"start":{"line":42,"column":15},"end":{"line":53,"column":null}},"2":{"start":{"line":44,"column":17},"end":{"line":44,"column":null}},"3":{"start":{"line":45,"column":4},"end":{"line":50,"column":null}},"4":{"start":{"line":54,"column":0},"end":{"line":54,"column":null}}},"fnMap":{"0":{"name":"(anonymous_0)","decl":{"start":{"line":43,"column":2},"end":{"line":43,"column":3}},"loc":{"start":{"line":43,"column":68},"end":{"line":52,"column":null}},"line":43}},"branchMap":{"0":{"loc":{"start":{"line":43,"column":31},"end":{"line":43,"column":48}},"type":"default-arg","locations":[{"start":{"line":43,"column":41},"end":{"line":43,"column":48}}],"line":43},"1":{"loc":{"start":{"line":44,"column":17},"end":{"line":44,"column":null}},"type":"cond-expr","locations":[{"start":{"line":44,"column":27},"end":{"line":44,"column":34}},{"start":{"line":44,"column":34},"end":{"line":44,"column":null}}],"line":44}},"s":{"0":1,"1":1,"2":8,"3":8,"4":1},"f":{"0":8},"b":{"0":[8],"1":[0,8]},"meta":{"lastBranch":2,"lastFunction":1,"lastStatement":5,"seen":{"s:7:6:34:Infinity":0,"s:42:15:53:Infinity":1,"f:43:2:43:3":0,"b:43:41:43:48":0,"s:44:17:44:Infinity":2,"b:44:27:44:34:44:34:44:Infinity":1,"s:45:4:50:Infinity":3,"s:54:0:54:Infinity":4}}}
,"C:\\Users\\Jarvis\\Verif-AI\\frontend\\src\\components\\ui\\input.tsx": {"path":"C:\\Users\\Jarvis\\Verif-AI\\frontend\\src\\components\\ui\\input.tsx","statementMap":{"0":{"start":{"line":8,"column":14},"end":{"line":22,"column":null}},"1":{"start":{"line":10,"column":4},"end":{"line":19,"column":null}},"2":{"start":{"line":23,"column":0},"end":{"line":23,"column":null}}},"fnMap":{"0":{"name":"(anonymous_0)","decl":{"start":{"line":9,"column":2},"end":{"line":9,"column":3}},"loc":{"start":{"line":9,"column":42},"end":{"line":21,"column":null}},"line":9}},"branchMap":{},"s":{"0":1,"1":16,"2":1},"f":{"0":16},"b":{},"meta":{"lastBranch":0,"lastFunction":1,"lastStatement":3,"seen":{"s:8:14:22:Infinity":0,"f:9:2:9:3":0,"s:10:4:19:Infinity":1,"s:23:0:23:Infinity":2}}}
,"C:\\Users\\Jarvis\\Verif-AI\\frontend\\src\\components\\ui\\label.tsx": {"path":"C:\\Users\\Jarvis\\Verif-AI\\frontend\\src\\components\\ui\\label.tsx","statementMap":{"0":{"start":{"line":7,"column":6},"end":{"line":9,"column":null}},"1":{"start":{"line":11,"column":14},"end":{"line":21,"column":null}},"2":{"start":{"line":16,"column":2},"end":{"line":20,"column":null}},"3":{"start":{"line":22,"column":0},"end":{"line":22,"column":null}}},"fnMap":{"0":{"name":"(anonymous_0)","decl":{"start":{"line":15,"column":2},"end":{"line":15,"column":3}},"loc":{"start":{"line":16,"column":2},"end":{"line":20,"column":null}},"line":16}},"branchMap":{},"s":{"0":1,"1":1,"2":24,"3":1},"f":{"0":24},"b":{},"meta":{"lastBranch":0,"lastFunction":1,"lastStatement":4,"seen":{"s:7:6:9:Infinity":0,"s:11:14:21:Infinity":1,"f:15:2:15:3":0,"s:16:2:20:Infinity":2,"s:22:0:22:Infinity":3}}}
,"C:\\Users\\Jarvis\\Verif-AI\\frontend\\src\\domain\\entities\\AuthToken.ts": {"path":"C:\\Users\\Jarvis\\Verif-AI\\frontend\\src\\domain\\entities\\AuthToken.ts","statementMap":{"0":{"start":{"line":12,"column":4},"end":{"line":12,"column":null}},"1":{"start":{"line":13,"column":4},"end":{"line":13,"column":null}},"2":{"start":{"line":14,"column":4},"end":{"line":14,"column":null}},"3":{"start":{"line":21,"column":4},"end":{"line":21,"column":null}},"4":{"start":{"line":28,"column":29},"end":{"line":28,"column":null}},"5":{"start":{"line":29,"column":4},"end":{"line":29,"column":null}},"6":{"start":{"line":36,"column":4},"end":{"line":38,"column":null}},"7":{"start":{"line":45,"column":22},"end":{"line":45,"column":null}},"8":{"start":{"line":46,"column":4},"end":{"line":46,"column":null}},"9":{"start":{"line":53,"column":22},"end":{"line":53,"column":null}},"10":{"start":{"line":54,"column":22},"end":{"line":54,"column":null}},"11":{"start":{"line":55,"column":4},"end":{"line":55,"column":null}}},"fnMap":{"0":{"name":"(anonymous_0)","decl":{"start":{"line":7,"column":2},"end":{"line":7,"column":null}},"loc":{"start":{"line":11,"column":4},"end":{"line":15,"column":null}},"line":11},"1":{"name":"(anonymous_1)","decl":{"start":{"line":20,"column":2},"end":{"line":20,"column":23}},"loc":{"start":{"line":20,"column":23},"end":{"line":22,"column":null}},"line":20},"2":{"name":"(anonymous_2)","decl":{"start":{"line":27,"column":2},"end":{"line":27,"column":26}},"loc":{"start":{"line":27,"column":26},"end":{"line":30,"column":null}},"line":27},"3":{"name":"(anonymous_3)","decl":{"start":{"line":35,"column":2},"end":{"line":35,"column":21}},"loc":{"start":{"line":35,"column":21},"end":{"line":39,"column":null}},"line":35},"4":{"name":"(anonymous_4)","decl":{"start":{"line":44,"column":2},"end":{"line":44,"column":29}},"loc":{"start":{"line":44,"column":29},"end":{"line":47,"column":null}},"line":44},"5":{"name":"(anonymous_5)","decl":{"start":{"line":52,"column":2},"end":{"line":52,"column":16}},"loc":{"start":{"line":52,"column":42},"end":{"line":56,"column":null}},"line":52}},"branchMap":{"0":{"loc":{"start":{"line":36,"column":11},"end":{"line":38,"column":null}},"type":"binary-expr","locations":[{"start":{"line":36,"column":11},"end":{"line":36,"column":null}},{"start":{"line":37,"column":11},"end":{"line":37,"column":null}},{"start":{"line":38,"column":11},"end":{"line":38,"column":null}}],"line":36}},"s":{"0":7,"1":7,"2":7,"3":5,"4":0,"5":0,"6":5,"7":0,"8":0,"9":0,"10":0,"11":0},"f":{"0":7,"1":5,"2":0,"3":5,"4":0,"5":0},"b":{"0":[5,5,2]},"meta":{"lastBranch":1,"lastFunction":6,"lastStatement":12,"seen":{"f:7:2:7:Infinity":0,"s:12:4:12:Infinity":0,"s:13:4:13:Infinity":1,"s:14:4:14:Infinity":2,"f:20:2:20:23":1,"s:21:4:21:Infinity":3,"f:27:2:27:26":2,"s:28:29:28:Infinity":4,"s:29:4:29:Infinity":5,"f:35:2:35:21":3,"s:36:4:38:Infinity":6,"b:36:11:36:Infinity:37:11:37:Infinity:38:11:38:Infinity":0,"f:44:2:44:29":4,"s:45:22:45:Infinity":7,"s:46:4:46:Infinity":8,"f:52:2:52:16":5,"s:53:22:53:Infinity":9,"s:54:22:54:Infinity":10,"s:55:4:55:Infinity":11}}}
,"C:\\Users\\Jarvis\\Verif-AI\\frontend\\src\\domain\\entities\\User.ts": {"path":"C:\\Users\\Jarvis\\Verif-AI\\frontend\\src\\domain\\entities\\User.ts","statementMap":{"0":{"start":{"line":22,"column":4},"end":{"line":22,"column":null}},"1":{"start":{"line":23,"column":4},"end":{"line":23,"column":null}},"2":{"start":{"line":24,"column":4},"end":{"line":24,"column":null}},"3":{"start":{"line":25,"column":4},"end":{"line":25,"column":null}},"4":{"start":{"line":26,"column":4},"end":{"line":26,"column":null}},"5":{"start":{"line":27,"column":4},"end":{"line":27,"column":null}},"6":{"start":{"line":28,"column":4},"end":{"line":28,"column":null}},"7":{"start":{"line":29,"column":4},"end":{"line":29,"column":null}},"8":{"start":{"line":36,"column":4},"end":{"line":36,"column":null}},"9":{"start":{"line":43,"column":4},"end":{"line":43,"column":null}},"10":{"start":{"line":43,"column":35},"end":{"line":43,"column":75}},"11":{"start":{"line":50,"column":54},"end":{"line":73,"column":null}},"12":{"start":{"line":74,"column":4},"end":{"line":74,"column":null}},"13":{"start":{"line":81,"column":4},"end":{"line":81,"column":null}},"14":{"start":{"line":88,"column":4},"end":{"line":88,"column":null}},"15":{"start":{"line":95,"column":27},"end":{"line":95,"column":null}},"16":{"start":{"line":97,"column":54},"end":{"line":120,"column":null}},"17":{"start":{"line":122,"column":4},"end":{"line":125,"column":null}},"18":{"start":{"line":123,"column":26},"end":{"line":123,"column":null}},"19":{"start":{"line":124,"column":6},"end":{"line":124,"column":null}},"20":{"start":{"line":124,"column":40},"end":{"line":124,"column":70}},"21":{"start":{"line":127,"column":4},"end":{"line":127,"column":null}}},"fnMap":{"0":{"name":"(anonymous_0)","decl":{"start":{"line":12,"column":2},"end":{"line":12,"column":null}},"loc":{"start":{"line":21,"column":4},"end":{"line":30,"column":null}},"line":21},"1":{"name":"(anonymous_1)","decl":{"start":{"line":35,"column":2},"end":{"line":35,"column":12}},"loc":{"start":{"line":35,"column":41},"end":{"line":37,"column":null}},"line":35},"2":{"name":"(anonymous_2)","decl":{"start":{"line":42,"column":10},"end":{"line":42,"column":24}},"loc":{"start":{"line":42,"column":53},"end":{"line":44,"column":null}},"line":42},"3":{"name":"(anonymous_3)","decl":{"start":{"line":43,"column":27},"end":{"line":43,"column":35}},"loc":{"start":{"line":43,"column":35},"end":{"line":43,"column":75}},"line":43},"4":{"name":"(anonymous_4)","decl":{"start":{"line":49,"column":10},"end":{"line":49,"column":28}},"loc":{"start":{"line":49,"column":71},"end":{"line":75,"column":null}},"line":49},"5":{"name":"(anonymous_5)","decl":{"start":{"line":80,"column":2},"end":{"line":80,"column":10}},"loc":{"start":{"line":80,"column":33},"end":{"line":82,"column":null}},"line":80},"6":{"name":"(anonymous_6)","decl":{"start":{"line":87,"column":2},"end":{"line":87,"column":30}},"loc":{"start":{"line":87,"column":30},"end":{"line":89,"column":null}},"line":87},"7":{"name":"(anonymous_7)","decl":{"start":{"line":94,"column":2},"end":{"line":94,"column":32}},"loc":{"start":{"line":94,"column":32},"end":{"line":128,"column":null}},"line":94},"8":{"name":"(anonymous_8)","decl":{"start":{"line":122,"column":23},"end":{"line":122,"column":31}},"loc":{"start":{"line":122,"column":31},"end":{"line":125,"column":5}},"line":122},"9":{"name":"(anonymous_9)","decl":{"start":{"line":124,"column":26},"end":{"line":124,"column":40}},"loc":{"start":{"line":124,"column":40},"end":{"line":124,"column":70}},"line":124}},"branchMap":{"0":{"loc":{"start":{"line":36,"column":11},"end":{"line":36,"column":null}},"type":"binary-expr","locations":[{"start":{"line":36,"column":11},"end":{"line":36,"column":43}},{"start":{"line":36,"column":43},"end":{"line":36,"column":null}}],"line":36},"1":{"loc":{"start":{"line":74,"column":11},"end":{"line":74,"column":null}},"type":"binary-expr","locations":[{"start":{"line":74,"column":11},"end":{"line":74,"column":58}},{"start":{"line":74,"column":58},"end":{"line":74,"column":null}}],"line":74},"2":{"loc":{"start":{"line":88,"column":11},"end":{"line":88,"column":null}},"type":"binary-expr","locations":[{"start":{"line":88,"column":11},"end":{"line":88,"column":28}},{"start":{"line":88,"column":28},"end":{"line":88,"column":null}}],"line":88},"3":{"loc":{"start":{"line":123,"column":26},"end":{"line":123,"column":null}},"type":"binary-expr","locations":[{"start":{"line":123,"column":26},"end":{"line":123,"column":51}},{"start":{"line":123,"column":51},"end":{"line":123,"column":null}}],"line":123}},"s":{"0":6,"1":6,"2":6,"3":6,"4":6,"5":6,"6":6,"7":6,"8":10,"9":8,"10":9,"11":9,"12":9,"13":0,"14":0,"15":1,"16":1,"17":1,"18":1,"19":1,"20":4,"21":1},"f":{"0":6,"1":10,"2":8,"3":9,"4":9,"5":0,"6":0,"7":1,"8":1,"9":4},"b":{"0":[10,8],"1":[9,3],"2":[0,0],"3":[1,0]},"meta":{"lastBranch":4,"lastFunction":10,"lastStatement":22,"seen":{"f:12:2:12:Infinity":0,"s:22:4:22:Infinity":0,"s:23:4:23:Infinity":1,"s:24:4:24:Infinity":2,"s:25:4:25:Infinity":3,"s:26:4:26:Infinity":4,"s:27:4:27:Infinity":5,"s:28:4:28:Infinity":6,"s:29:4:29:Infinity":7,"f:35:2:35:12":1,"s:36:4:36:Infinity":8,"b:36:11:36:43:36:43:36:Infinity":0,"f:42:10:42:24":2,"s:43:4:43:Infinity":9,"f:43:27:43:35":3,"s:43:35:43:75":10,"f:49:10:49:28":4,"s:50:54:73:Infinity":11,"s:74:4:74:Infinity":12,"b:74:11:74:58:74:58:74:Infinity":1,"f:80:2:80:10":5,"s:81:4:81:Infinity":13,"f:87:2:87:30":6,"s:88:4:88:Infinity":14,"b:88:11:88:28:88:28:88:Infinity":2,"f:94:2:94:32":7,"s:95:27:95:Infinity":15,"s:97:54:120:Infinity":16,"s:122:4:125:Infinity":17,"f:122:23:122:31":8,"s:123:26:123:Infinity":18,"b:123:26:123:51:123:51:123:Infinity":3,"s:124:6:124:Infinity":19,"f:124:26:124:40":9,"s:124:40:124:70":20,"s:127:4:127:Infinity":21}}}
,"C:\\Users\\Jarvis\\Verif-AI\\frontend\\src\\domain\\entities\\index.ts": {"path":"C:\\Users\\Jarvis\\Verif-AI\\frontend\\src\\domain\\entities\\index.ts","statementMap":{},"fnMap":{},"branchMap":{},"s":{},"f":{},"b":{},"meta":{"lastBranch":0,"lastFunction":0,"lastStatement":0,"seen":{}}}
,"C:\\Users\\Jarvis\\Verif-AI\\frontend\\src\\domain\\services\\ValidationService.ts": {"path":"C:\\Users\\Jarvis\\Verif-AI\\frontend\\src\\domain\\services\\ValidationService.ts","statementMap":{"0":{"start":{"line":12,"column":23},"end":{"line":12,"column":null}},"1":{"start":{"line":13,"column":4},"end":{"line":13,"column":null}},"2":{"start":{"line":26,"column":29},"end":{"line":26,"column":null}},"3":{"start":{"line":28,"column":4},"end":{"line":30,"column":null}},"4":{"start":{"line":29,"column":6},"end":{"line":29,"column":null}},"5":{"start":{"line":31,"column":4},"end":{"line":33,"column":null}},"6":{"start":{"line":32,"column":6},"end":{"line":32,"column":null}},"7":{"start":{"line":34,"column":4},"end":{"line":36,"column":null}},"8":{"start":{"line":35,"column":6},"end":{"line":35,"column":null}},"9":{"start":{"line":37,"column":4},"end":{"line":39,"column":null}},"10":{"start":{"line":38,"column":6},"end":{"line":38,"column":null}},"11":{"start":{"line":40,"column":4},"end":{"line":42,"column":null}},"12":{"start":{"line":41,"column":6},"end":{"line":41,"column":null}},"13":{"start":{"line":44,"column":4},"end":{"line":47,"column":null}},"14":{"start":{"line":54,"column":4},"end":{"line":59,"column":null}},"15":{"start":{"line":55,"column":6},"end":{"line":58,"column":null}},"16":{"start":{"line":61,"column":4},"end":{"line":64,"column":null}},"17":{"start":{"line":71,"column":4},"end":{"line":76,"column":null}},"18":{"start":{"line":72,"column":6},"end":{"line":75,"column":null}},"19":{"start":{"line":78,"column":4},"end":{"line":81,"column":null}},"20":{"start":{"line":88,"column":22},"end":{"line":88,"column":null}},"21":{"start":{"line":88,"column":48},"end":{"line":88,"column":61}},"22":{"start":{"line":90,"column":4},"end":{"line":93,"column":null}},"23":{"start":{"line":98,"column":33},"end":{"line":98,"column":null}}},"fnMap":{"0":{"name":"(anonymous_0)","decl":{"start":{"line":11,"column":2},"end":{"line":11,"column":16}},"loc":{"start":{"line":11,"column":40},"end":{"line":14,"column":null}},"line":11},"1":{"name":"(anonymous_1)","decl":{"start":{"line":25,"column":2},"end":{"line":25,"column":19}},"loc":{"start":{"line":25,"column":55},"end":{"line":48,"column":null}},"line":25},"2":{"name":"(anonymous_2)","decl":{"start":{"line":53,"column":2},"end":{"line":53,"column":24}},"loc":{"start":{"line":53,"column":85},"end":{"line":65,"column":null}},"line":53},"3":{"name":"(anonymous_3)","decl":{"start":{"line":70,"column":2},"end":{"line":70,"column":19}},"loc":{"start":{"line":70,"column":71},"end":{"line":82,"column":null}},"line":70},"4":{"name":"(anonymous_4)","decl":{"start":{"line":87,"column":2},"end":{"line":87,"column":30}},"loc":{"start":{"line":87,"column":77},"end":{"line":94,"column":null}},"line":87},"5":{"name":"(anonymous_5)","decl":{"start":{"line":88,"column":38},"end":{"line":88,"column":48}},"loc":{"start":{"line":88,"column":48},"end":{"line":88,"column":61}},"line":88}},"branchMap":{"0":{"loc":{"start":{"line":28,"column":4},"end":{"line":30,"column":null}},"type":"if","locations":[{"start":{"line":28,"column":4},"end":{"line":30,"column":null}},{"start":{},"end":{}}],"line":28},"1":{"loc":{"start":{"line":31,"column":4},"end":{"line":33,"column":null}},"type":"if","locations":[{"start":{"line":31,"column":4},"end":{"line":33,"column":null}},{"start":{},"end":{}}],"line":31},"2":{"loc":{"start":{"line":34,"column":4},"end":{"line":36,"column":null}},"type":"if","locations":[{"start":{"line":34,"column":4},"end":{"line":36,"column":null}},{"start":{},"end":{}}],"line":34},"3":{"loc":{"start":{"line":37,"column":4},"end":{"line":39,"column":null}},"type":"if","locations":[{"start":{"line":37,"column":4},"end":{"line":39,"column":null}},{"start":{},"end":{}}],"line":37},"4":{"loc":{"start":{"line":40,"column":4},"end":{"line":42,"column":null}},"type":"if","locations":[{"start":{"line":40,"column":4},"end":{"line":42,"column":null}},{"start":{},"end":{}}],"line":40},"5":{"loc":{"start":{"line":54,"column":4},"end":{"line":59,"column":null}},"type":"if","locations":[{"start":{"line":54,"column":4},"end":{"line":59,"column":null}},{"start":{},"end":{}}],"line":54},"6":{"loc":{"start":{"line":71,"column":4},"end":{"line":76,"column":null}},"type":"if","locations":[{"start":{"line":71,"column":4},"end":{"line":76,"column":null}},{"start":{},"end":{}}],"line":71},"7":{"loc":{"start":{"line":71,"column":8},"end":{"line":71,"column":45}},"type":"binary-expr","locations":[{"start":{"line":71,"column":8},"end":{"line":71,"column":18}},{"start":{"line":71,"column":18},"end":{"line":71,"column":45}}],"line":71}},"s":{"0":10,"1":10,"2":10,"3":10,"4":3,"5":10,"6":2,"7":10,"8":2,"9":10,"10":2,"11":10,"12":2,"13":10,"14":0,"15":0,"16":0,"17":6,"18":3,"19":3,"20":0,"21":0,"22":0,"23":2},"f":{"0":10,"1":10,"2":0,"3":6,"4":0,"5":0},"b":{"0":[3,7],"1":[2,8],"2":[2,8],"3":[2,8],"4":[2,8],"5":[0,0],"6":[3,3],"7":[6,5]},"meta":{"lastBranch":8,"lastFunction":6,"lastStatement":24,"seen":{"f:11:2:11:16":0,"s:12:23:12:Infinity":0,"s:13:4:13:Infinity":1,"f:25:2:25:19":1,"s:26:29:26:Infinity":2,"b:28:4:30:Infinity:undefined:undefined:undefined:undefined":0,"s:28:4:30:Infinity":3,"s:29:6:29:Infinity":4,"b:31:4:33:Infinity:undefined:undefined:undefined:undefined":1,"s:31:4:33:Infinity":5,"s:32:6:32:Infinity":6,"b:34:4:36:Infinity:undefined:undefined:undefined:undefined":2,"s:34:4:36:Infinity":7,"s:35:6:35:Infinity":8,"b:37:4:39:Infinity:undefined:undefined:undefined:undefined":3,"s:37:4:39:Infinity":9,"s:38:6:38:Infinity":10,"b:40:4:42:Infinity:undefined:undefined:undefined:undefined":4,"s:40:4:42:Infinity":11,"s:41:6:41:Infinity":12,"s:44:4:47:Infinity":13,"f:53:2:53:24":2,"b:54:4:59:Infinity:undefined:undefined:undefined:undefined":5,"s:54:4:59:Infinity":14,"s:55:6:58:Infinity":15,"s:61:4:64:Infinity":16,"f:70:2:70:19":3,"b:71:4:76:Infinity:undefined:undefined:undefined:undefined":6,"s:71:4:76:Infinity":17,"b:71:8:71:18:71:18:71:45":7,"s:72:6:75:Infinity":18,"s:78:4:81:Infinity":19,"f:87:2:87:30":4,"s:88:22:88:Infinity":20,"f:88:38:88:48":5,"s:88:48:88:61":21,"s:90:4:93:Infinity":22,"s:98:33:98:Infinity":23}}}
,"C:\\Users\\Jarvis\\Verif-AI\\frontend\\src\\domain\\services\\index.ts": {"path":"C:\\Users\\Jarvis\\Verif-AI\\frontend\\src\\domain\\services\\index.ts","statementMap":{},"fnMap":{},"branchMap":{},"s":{},"f":{},"b":{},"meta":{"lastBranch":0,"lastFunction":0,"lastStatement":0,"seen":{}}}
,"C:\\Users\\Jarvis\\Verif-AI\\frontend\\src\\hooks\\useAuth.ts": {"path":"C:\\Users\\Jarvis\\Verif-AI\\frontend\\src\\hooks\\useAuth.ts","statementMap":{"0":{"start":{"line":17,"column":23},"end":{"line":134,"column":null}},"1":{"start":{"line":18,"column":22},"end":{"line":18,"column":null}},"2":{"start":{"line":19,"column":32},"end":{"line":19,"column":null}},"3":{"start":{"line":20,"column":24},"end":{"line":20,"column":null}},"4":{"start":{"line":23,"column":2},"end":{"line":25,"column":null}},"5":{"start":{"line":24,"column":4},"end":{"line":24,"column":null}},"6":{"start":{"line":30,"column":26},"end":{"line":46,"column":null}},"7":{"start":{"line":31,"column":4},"end":{"line":45,"column":null}},"8":{"start":{"line":32,"column":20},"end":{"line":32,"column":null}},"9":{"start":{"line":33,"column":6},"end":{"line":37,"column":null}},"10":{"start":{"line":35,"column":30},"end":{"line":35,"column":null}},"11":{"start":{"line":36,"column":8},"end":{"line":36,"column":null}},"12":{"start":{"line":40,"column":6},"end":{"line":40,"column":null}},"13":{"start":{"line":41,"column":6},"end":{"line":41,"column":null}},"14":{"start":{"line":42,"column":6},"end":{"line":42,"column":null}},"15":{"start":{"line":44,"column":6},"end":{"line":44,"column":null}},"16":{"start":{"line":51,"column":8},"end":{"line":66,"column":null}},"17":{"start":{"line":52,"column":4},"end":{"line":52,"column":null}},"18":{"start":{"line":53,"column":4},"end":{"line":53,"column":null}},"19":{"start":{"line":55,"column":4},"end":{"line":65,"column":null}},"20":{"start":{"line":56,"column":21},"end":{"line":56,"column":null}},"21":{"start":{"line":57,"column":6},"end":{"line":57,"column":null}},"22":{"start":{"line":58,"column":6},"end":{"line":58,"column":null}},"23":{"start":{"line":60,"column":27},"end":{"line":60,"column":null}},"24":{"start":{"line":61,"column":6},"end":{"line":61,"column":null}},"25":{"start":{"line":62,"column":6},"end":{"line":62,"column":null}},"26":{"start":{"line":64,"column":6},"end":{"line":64,"column":null}},"27":{"start":{"line":71,"column":8},"end":{"line":85,"column":null}},"28":{"start":{"line":72,"column":4},"end":{"line":72,"column":null}},"29":{"start":{"line":73,"column":4},"end":{"line":73,"column":null}},"30":{"start":{"line":75,"column":4},"end":{"line":84,"column":null}},"31":{"start":{"line":76,"column":21},"end":{"line":76,"column":null}},"32":{"start":{"line":77,"column":6},"end":{"line":77,"column":null}},"33":{"start":{"line":79,"column":27},"end":{"line":79,"column":null}},"34":{"start":{"line":80,"column":6},"end":{"line":80,"column":null}},"35":{"start":{"line":81,"column":6},"end":{"line":81,"column":null}},"36":{"start":{"line":83,"column":6},"end":{"line":83,"column":null}},"37":{"start":{"line":90,"column":8},"end":{"line":100,"column":null}},"38":{"start":{"line":91,"column":4},"end":{"line":99,"column":null}},"39":{"start":{"line":92,"column":6},"end":{"line":92,"column":null}},"40":{"start":{"line":94,"column":6},"end":{"line":94,"column":null}},"41":{"start":{"line":96,"column":6},"end":{"line":96,"column":null}},"42":{"start":{"line":97,"column":6},"end":{"line":97,"column":null}},"43":{"start":{"line":98,"column":6},"end":{"line":98,"column":null}},"44":{"start":{"line":105,"column":8},"end":{"line":114,"column":null}},"45":{"start":{"line":106,"column":4},"end":{"line":113,"column":null}},"46":{"start":{"line":107,"column":21},"end":{"line":107,"column":null}},"47":{"start":{"line":108,"column":6},"end":{"line":108,"column":null}},"48":{"start":{"line":111,"column":6},"end":{"line":111,"column":null}},"49":{"start":{"line":112,"column":6},"end":{"line":112,"column":null}},"50":{"start":{"line":119,"column":8},"end":{"line":121,"column":null}},"51":{"start":{"line":120,"column":4},"end":{"line":120,"column":null}},"52":{"start":{"line":123,"column":2},"end":{"line":133,"column":null}}},"fnMap":{"0":{"name":"(anonymous_0)","decl":{"start":{"line":17,"column":23},"end":{"line":17,"column":29}},"loc":{"start":{"line":17,"column":29},"end":{"line":134,"column":null}},"line":17},"1":{"name":"(anonymous_1)","decl":{"start":{"line":23,"column":12},"end":{"line":23,"column":18}},"loc":{"start":{"line":23,"column":18},"end":{"line":25,"column":5}},"line":23},"2":{"name":"(anonymous_2)","decl":{"start":{"line":30,"column":26},"end":{"line":30,"column":38}},"loc":{"start":{"line":30,"column":38},"end":{"line":46,"column":null}},"line":30},"3":{"name":"(anonymous_3)","decl":{"start":{"line":51,"column":28},"end":{"line":51,"column":35}},"loc":{"start":{"line":51,"column":69},"end":{"line":66,"column":5}},"line":51},"4":{"name":"(anonymous_4)","decl":{"start":{"line":71,"column":31},"end":{"line":71,"column":38}},"loc":{"start":{"line":71,"column":65},"end":{"line":85,"column":5}},"line":71},"5":{"name":"(anonymous_5)","decl":{"start":{"line":90,"column":29},"end":{"line":90,"column":41}},"loc":{"start":{"line":90,"column":41},"end":{"line":100,"column":5}},"line":90},"6":{"name":"(anonymous_6)","decl":{"start":{"line":105,"column":34},"end":{"line":105,"column":46}},"loc":{"start":{"line":105,"column":46},"end":{"line":114,"column":5}},"line":105},"7":{"name":"(anonymous_7)","decl":{"start":{"line":119,"column":33},"end":{"line":119,"column":39}},"loc":{"start":{"line":119,"column":39},"end":{"line":121,"column":5}},"line":119}},"branchMap":{"0":{"loc":{"start":{"line":33,"column":6},"end":{"line":37,"column":null}},"type":"if","locations":[{"start":{"line":33,"column":6},"end":{"line":37,"column":null}},{"start":{},"end":{}}],"line":33},"1":{"loc":{"start":{"line":60,"column":27},"end":{"line":60,"column":null}},"type":"cond-expr","locations":[{"start":{"line":60,"column":52},"end":{"line":60,"column":68}},{"start":{"line":60,"column":68},"end":{"line":60,"column":null}}],"line":60},"2":{"loc":{"start":{"line":79,"column":27},"end":{"line":79,"column":null}},"type":"cond-expr","locations":[{"start":{"line":79,"column":52},"end":{"line":79,"column":68}},{"start":{"line":79,"column":68},"end":{"line":79,"column":null}}],"line":79}},"s":{"0":1,"1":8,"2":8,"3":8,"4":8,"5":4,"6":8,"7":4,"8":4,"9":4,"10":0,"11":0,"12":0,"13":0,"14":0,"15":4,"16":8,"17":0,"18":0,"19":0,"20":0,"21":0,"22":0,"23":0,"24":0,"25":0,"26":0,"27":8,"28":0,"29":0,"30":0,"31":0,"32":0,"33":0,"34":0,"35":0,"36":0,"37":8,"38":0,"39":0,"40":0,"41":0,"42":0,"43":0,"44":8,"45":0,"46":0,"47":0,"48":0,"49":0,"50":8,"51":0,"52":8},"f":{"0":8,"1":4,"2":4,"3":0,"4":0,"5":0,"6":0,"7":0},"b":{"0":[0,4],"1":[0,0],"2":[0,0]},"meta":{"lastBranch":3,"lastFunction":8,"lastStatement":53,"seen":{"s:17:23:134:Infinity":0,"f:17:23:17:29":0,"s:18:22:18:Infinity":1,"s:19:32:19:Infinity":2,"s:20:24:20:Infinity":3,"s:23:2:25:Infinity":4,"f:23:12:23:18":1,"s:24:4:24:Infinity":5,"s:30:26:46:Infinity":6,"f:30:26:30:38":2,"s:31:4:45:Infinity":7,"s:32:20:32:Infinity":8,"b:33:6:37:Infinity:undefined:undefined:undefined:undefined":0,"s:33:6:37:Infinity":9,"s:35:30:35:Infinity":10,"s:36:8:36:Infinity":11,"s:40:6:40:Infinity":12,"s:41:6:41:Infinity":13,"s:42:6:42:Infinity":14,"s:44:6:44:Infinity":15,"s:51:8:66:Infinity":16,"f:51:28:51:35":3,"s:52:4:52:Infinity":17,"s:53:4:53:Infinity":18,"s:55:4:65:Infinity":19,"s:56:21:56:Infinity":20,"s:57:6:57:Infinity":21,"s:58:6:58:Infinity":22,"s:60:27:60:Infinity":23,"b:60:52:60:68:60:68:60:Infinity":1,"s:61:6:61:Infinity":24,"s:62:6:62:Infinity":25,"s:64:6:64:Infinity":26,"s:71:8:85:Infinity":27,"f:71:31:71:38":4,"s:72:4:72:Infinity":28,"s:73:4:73:Infinity":29,"s:75:4:84:Infinity":30,"s:76:21:76:Infinity":31,"s:77:6:77:Infinity":32,"s:79:27:79:Infinity":33,"b:79:52:79:68:79:68:79:Infinity":2,"s:80:6:80:Infinity":34,"s:81:6:81:Infinity":35,"s:83:6:83:Infinity":36,"s:90:8:100:Infinity":37,"f:90:29:90:41":5,"s:91:4:99:Infinity":38,"s:92:6:92:Infinity":39,"s:94:6:94:Infinity":40,"s:96:6:96:Infinity":41,"s:97:6:97:Infinity":42,"s:98:6:98:Infinity":43,"s:105:8:114:Infinity":44,"f:105:34:105:46":6,"s:106:4:113:Infinity":45,"s:107:21:107:Infinity":46,"s:108:6:108:Infinity":47,"s:111:6:111:Infinity":48,"s:112:6:112:Infinity":49,"s:119:8:121:Infinity":50,"f:119:33:119:39":7,"s:120:4:120:Infinity":51,"s:123:2:133:Infinity":52}}}
,"C:\\Users\\Jarvis\\Verif-AI\\frontend\\src\\infrastructure\\api\\AuthApi.ts": {"path":"C:\\Users\\Jarvis\\Verif-AI\\frontend\\src\\infrastructure\\api\\AuthApi.ts","statementMap":{"0":{"start":{"line":21,"column":19},"end":{"line":21,"column":null}},"1":{"start":{"line":27,"column":21},"end":{"line":31,"column":null}},"2":{"start":{"line":32,"column":4},"end":{"line":32,"column":null}},"3":{"start":{"line":39,"column":21},"end":{"line":42,"column":null}},"4":{"start":{"line":43,"column":4},"end":{"line":43,"column":null}},"5":{"start":{"line":50,"column":21},"end":{"line":52,"column":null}},"6":{"start":{"line":53,"column":4},"end":{"line":53,"column":null}},"7":{"start":{"line":60,"column":21},"end":{"line":60,"column":null}},"8":{"start":{"line":61,"column":4},"end":{"line":61,"column":null}},"9":{"start":{"line":68,"column":21},"end":{"line":68,"column":null}},"10":{"start":{"line":69,"column":4},"end":{"line":69,"column":null}},"11":{"start":{"line":76,"column":21},"end":{"line":78,"column":null}},"12":{"start":{"line":79,"column":4},"end":{"line":79,"column":null}},"13":{"start":{"line":88,"column":21},"end":{"line":93,"column":null}},"14":{"start":{"line":94,"column":4},"end":{"line":94,"column":null}},"15":{"start":{"line":101,"column":21},"end":{"line":104,"column":null}},"16":{"start":{"line":105,"column":4},"end":{"line":105,"column":null}},"17":{"start":{"line":110,"column":23},"end":{"line":110,"column":null}}},"fnMap":{"0":{"name":"(anonymous_0)","decl":{"start":{"line":26,"column":8},"end":{"line":26,"column":17}},"loc":{"start":{"line":26,"column":62},"end":{"line":33,"column":null}},"line":26},"1":{"name":"(anonymous_1)","decl":{"start":{"line":38,"column":8},"end":{"line":38,"column":14}},"loc":{"start":{"line":38,"column":67},"end":{"line":44,"column":null}},"line":38},"2":{"name":"(anonymous_2)","decl":{"start":{"line":49,"column":8},"end":{"line":49,"column":21}},"loc":{"start":{"line":49,"column":72},"end":{"line":54,"column":null}},"line":49},"3":{"name":"(anonymous_3)","decl":{"start":{"line":59,"column":8},"end":{"line":59,"column":40}},"loc":{"start":{"line":59,"column":40},"end":{"line":62,"column":null}},"line":59},"4":{"name":"(anonymous_4)","decl":{"start":{"line":67,"column":8},"end":{"line":67,"column":80}},"loc":{"start":{"line":67,"column":80},"end":{"line":70,"column":null}},"line":67},"5":{"name":"(anonymous_5)","decl":{"start":{"line":75,"column":8},"end":{"line":75,"column":20}},"loc":{"start":{"line":75,"column":77},"end":{"line":80,"column":null}},"line":75},"6":{"name":"(anonymous_6)","decl":{"start":{"line":85,"column":8},"end":{"line":85,"column":null}},"loc":{"start":{"line":87,"column":41},"end":{"line":95,"column":null}},"line":87},"7":{"name":"(anonymous_7)","decl":{"start":{"line":100,"column":8},"end":{"line":100,"column":22}},"loc":{"start":{"line":100,"column":83},"end":{"line":106,"column":null}},"line":100}},"branchMap":{},"s":{"0":1,"1":0,"2":0,"3":0,"4":0,"5":0,"6":0,"7":0,"8":0,"9":0,"10":0,"11":0,"12":0,"13":0,"14":0,"15":0,"16":0,"17":1},"f":{"0":0,"1":0,"2":0,"3":0,"4":0,"5":0,"6":0,"7":0},"b":{},"meta":{"lastBranch":0,"lastFunction":8,"lastStatement":18,"seen":{"s:21:19:21:Infinity":0,"f:26:8:26:17":0,"s:27:21:31:Infinity":1,"s:32:4:32:Infinity":2,"f:38:8:38:14":1,"s:39:21:42:Infinity":3,"s:43:4:43:Infinity":4,"f:49:8:49:21":2,"s:50:21:52:Infinity":5,"s:53:4:53:Infinity":6,"f:59:8:59:40":3,"s:60:21:60:Infinity":7,"s:61:4:61:Infinity":8,"f:67:8:67:80":4,"s:68:21:68:Infinity":9,"s:69:4:69:Infinity":10,"f:75:8:75:20":5,"s:76:21:78:Infinity":11,"s:79:4:79:Infinity":12,"f:85:8:85:Infinity":6,"s:88:21:93:Infinity":13,"s:94:4:94:Infinity":14,"f:100:8:100:22":7,"s:101:21:104:Infinity":15,"s:105:4:105:Infinity":16,"s:110:23:110:Infinity":17}}}
,"C:\\Users\\Jarvis\\Verif-AI\\frontend\\src\\infrastructure\\api\\HttpClient.ts": {"path":"C:\\Users\\Jarvis\\Verif-AI\\frontend\\src\\infrastructure\\api\\HttpClient.ts","statementMap":{"0":{"start":{"line":11,"column":25},"end":{"line":11,"column":null}},"1":{"start":{"line":12,"column":63},"end":{"line":12,"column":null}},"2":{"start":{"line":15,"column":4},"end":{"line":21,"column":null}},"3":{"start":{"line":23,"column":4},"end":{"line":23,"column":null}},"4":{"start":{"line":30,"column":4},"end":{"line":30,"column":null}},"5":{"start":{"line":38,"column":4},"end":{"line":47,"column":null}},"6":{"start":{"line":40,"column":22},"end":{"line":40,"column":null}},"7":{"start":{"line":41,"column":8},"end":{"line":43,"column":null}},"8":{"start":{"line":42,"column":10},"end":{"line":42,"column":null}},"9":{"start":{"line":44,"column":8},"end":{"line":44,"column":null}},"10":{"start":{"line":46,"column":17},"end":{"line":46,"column":null}},"11":{"start":{"line":50,"column":4},"end":{"line":98,"column":null}},"12":{"start":{"line":51,"column":20},"end":{"line":51,"column":null}},"13":{"start":{"line":53,"column":32},"end":{"line":53,"column":null}},"14":{"start":{"line":56,"column":8},"end":{"line":94,"column":null}},"15":{"start":{"line":57,"column":10},"end":{"line":67,"column":null}},"16":{"start":{"line":59,"column":12},"end":{"line":66,"column":null}},"17":{"start":{"line":60,"column":14},"end":{"line":65,"column":null}},"18":{"start":{"line":61,"column":16},"end":{"line":63,"column":null}},"19":{"start":{"line":62,"column":18},"end":{"line":62,"column":null}},"20":{"start":{"line":64,"column":16},"end":{"line":64,"column":null}},"21":{"start":{"line":69,"column":10},"end":{"line":69,"column":null}},"22":{"start":{"line":70,"column":10},"end":{"line":70,"column":null}},"23":{"start":{"line":72,"column":10},"end":{"line":93,"column":null}},"24":{"start":{"line":73,"column":12},"end":{"line":73,"column":null}},"25":{"start":{"line":74,"column":29},"end":{"line":74,"column":null}},"26":{"start":{"line":76,"column":12},"end":{"line":86,"column":null}},"27":{"start":{"line":78,"column":14},"end":{"line":78,"column":null}},"28":{"start":{"line":78,"column":58},"end":{"line":78,"column":76}},"29":{"start":{"line":79,"column":14},"end":{"line":79,"column":null}},"30":{"start":{"line":82,"column":14},"end":{"line":84,"column":null}},"31":{"start":{"line":83,"column":16},"end":{"line":83,"column":null}},"32":{"start":{"line":85,"column":14},"end":{"line":85,"column":null}},"33":{"start":{"line":89,"column":12},"end":{"line":89,"column":null}},"34":{"start":{"line":90,"column":12},"end":{"line":90,"column":null}},"35":{"start":{"line":92,"column":12},"end":{"line":92,"column":null}},"36":{"start":{"line":96,"column":8},"end":{"line":96,"column":null}},"37":{"start":{"line":105,"column":25},"end":{"line":105,"column":null}},"38":{"start":{"line":107,"column":4},"end":{"line":109,"column":null}},"39":{"start":{"line":108,"column":6},"end":{"line":108,"column":null}},"40":{"start":{"line":111,"column":4},"end":{"line":132,"column":null}},"41":{"start":{"line":112,"column":23},"end":{"line":115,"column":null}},"42":{"start":{"line":117,"column":46},"end":{"line":117,"column":null}},"43":{"start":{"line":120,"column":24},"end":{"line":120,"column":null}},"44":{"start":{"line":122,"column":23},"end":{"line":126,"column":null}},"45":{"start":{"line":128,"column":6},"end":{"line":128,"column":null}},"46":{"start":{"line":130,"column":6},"end":{"line":130,"column":null}},"47":{"start":{"line":131,"column":6},"end":{"line":131,"column":null}},"48":{"start":{"line":139,"column":4},"end":{"line":139,"column":null}},"49":{"start":{"line":142,"column":4},"end":{"line":144,"column":null}},"50":{"start":{"line":143,"column":6},"end":{"line":143,"column":null}},"51":{"start":{"line":149,"column":26},"end":{"line":149,"column":null}}},"fnMap":{"0":{"name":"(anonymous_0)","decl":{"start":{"line":14,"column":2},"end":{"line":14,"column":14}},"loc":{"start":{"line":14,"column":93},"end":{"line":24,"column":null}},"line":14},"1":{"name":"(anonymous_1)","decl":{"start":{"line":29,"column":2},"end":{"line":29,"column":31}},"loc":{"start":{"line":29,"column":31},"end":{"line":31,"column":null}},"line":29},"2":{"name":"(anonymous_2)","decl":{"start":{"line":36,"column":10},"end":{"line":36,"column":36}},"loc":{"start":{"line":36,"column":36},"end":{"line":99,"column":null}},"line":36},"3":{"name":"(anonymous_3)","decl":{"start":{"line":39,"column":6},"end":{"line":39,"column":13}},"loc":{"start":{"line":39,"column":52},"end":{"line":45,"column":null}},"line":39},"4":{"name":"(anonymous_4)","decl":{"start":{"line":46,"column":6},"end":{"line":46,"column":7}},"loc":{"start":{"line":46,"column":17},"end":{"line":46,"column":null}},"line":46},"5":{"name":"(anonymous_5)","decl":{"start":{"line":51,"column":6},"end":{"line":51,"column":7}},"loc":{"start":{"line":51,"column":20},"end":{"line":51,"column":null}},"line":51},"6":{"name":"(anonymous_6)","decl":{"start":{"line":52,"column":6},"end":{"line":52,"column":13}},"loc":{"start":{"line":52,"column":35},"end":{"line":97,"column":null}},"line":52},"7":{"name":"(anonymous_7)","decl":{"start":{"line":59,"column":31},"end":{"line":59,"column":32}},"loc":{"start":{"line":59,"column":44},"end":{"line":66,"column":13}},"line":59},"8":{"name":"(anonymous_8)","decl":{"start":{"line":60,"column":43},"end":{"line":60,"column":44}},"loc":{"start":{"line":60,"column":62},"end":{"line":65,"column":15}},"line":60},"9":{"name":"(anonymous_9)","decl":{"start":{"line":78,"column":46},"end":{"line":78,"column":58}},"loc":{"start":{"line":78,"column":58},"end":{"line":78,"column":76}},"line":78},"10":{"name":"(anonymous_10)","decl":{"start":{"line":104,"column":16},"end":{"line":104,"column":46}},"loc":{"start":{"line":104,"column":46},"end":{"line":133,"column":null}},"line":104},"11":{"name":"(anonymous_11)","decl":{"start":{"line":138,"column":16},"end":{"line":138,"column":51}},"loc":{"start":{"line":138,"column":51},"end":{"line":145,"column":null}},"line":138}},"branchMap":{"0":{"loc":{"start":{"line":14,"column":14},"end":{"line":14,"column":93}},"type":"default-arg","locations":[{"start":{"line":14,"column":32},"end":{"line":14,"column":93}}],"line":14},"1":{"loc":{"start":{"line":14,"column":32},"end":{"line":14,"column":93}},"type":"binary-expr","locations":[{"start":{"line":14,"column":32},"end":{"line":14,"column":64}},{"start":{"line":14,"column":64},"end":{"line":14,"column":93}}],"line":14},"2":{"loc":{"start":{"line":17,"column":15},"end":{"line":17,"column":null}},"type":"binary-expr","locations":[{"start":{"line":17,"column":15},"end":{"line":17,"column":59}},{"start":{"line":17,"column":59},"end":{"line":17,"column":null}}],"line":17},"3":{"loc":{"start":{"line":41,"column":8},"end":{"line":43,"column":null}},"type":"if","locations":[{"start":{"line":41,"column":8},"end":{"line":43,"column":null}},{"start":{},"end":{}}],"line":41},"4":{"loc":{"start":{"line":41,"column":12},"end":{"line":41,"column":37}},"type":"binary-expr","locations":[{"start":{"line":41,"column":12},"end":{"line":41,"column":21}},{"start":{"line":41,"column":21},"end":{"line":41,"column":37}}],"line":41},"5":{"loc":{"start":{"line":56,"column":8},"end":{"line":94,"column":null}},"type":"if","locations":[{"start":{"line":56,"column":8},"end":{"line":94,"column":null}},{"start":{},"end":{}}],"line":56},"6":{"loc":{"start":{"line":56,"column":12},"end":{"line":56,"column":71}},"type":"binary-expr","locations":[{"start":{"line":56,"column":12},"end":{"line":56,"column":46}},{"start":{"line":56,"column":46},"end":{"line":56,"column":71}}],"line":56},"7":{"loc":{"start":{"line":57,"column":10},"end":{"line":67,"column":null}},"type":"if","locations":[{"start":{"line":57,"column":10},"end":{"line":67,"column":null}},{"start":{},"end":{}}],"line":57},"8":{"loc":{"start":{"line":61,"column":16},"end":{"line":63,"column":null}},"type":"if","locations":[{"start":{"line":61,"column":16},"end":{"line":63,"column":null}},{"start":{},"end":{}}],"line":61},"9":{"loc":{"start":{"line":76,"column":12},"end":{"line":86,"column":null}},"type":"if","locations":[{"start":{"line":76,"column":12},"end":{"line":86,"column":null}},{"start":{},"end":{}}],"line":76},"10":{"loc":{"start":{"line":82,"column":14},"end":{"line":84,"column":null}},"type":"if","locations":[{"start":{"line":82,"column":14},"end":{"line":84,"column":null}},{"start":{},"end":{}}],"line":82},"11":{"loc":{"start":{"line":107,"column":4},"end":{"line":109,"column":null}},"type":"if","locations":[{"start":{"line":107,"column":4},"end":{"line":109,"column":null}},{"start":{},"end":{}}],"line":107},"12":{"loc":{"start":{"line":124,"column":8},"end":{"line":124,"column":null}},"type":"binary-expr","locations":[{"start":{"line":124,"column":8},"end":{"line":124,"column":25}},{"start":{"line":124,"column":25},"end":{"line":124,"column":null}}],"line":124},"13":{"loc":{"start":{"line":142,"column":4},"end":{"line":144,"column":null}},"type":"if","locations":[{"start":{"line":142,"column":4},"end":{"line":144,"column":null}},{"start":{},"end":{}}],"line":142}},"s":{"0":1,"1":1,"2":1,"3":1,"4":2,"5":1,"6":0,"7":0,"8":0,"9":0,"10":0,"11":1,"12":0,"13":0,"14":0,"15":0,"16":0,"17":0,"18":0,"19":0,"20":0,"21":0,"22":0,"23":0,"24":0,"25":0,"26":0,"27":0,"28":0,"29":0,"30":0,"31":0,"32":0,"33":0,"34":0,"35":0,"36":0,"37":0,"38":0,"39":0,"40":0,"41":0,"42":0,"43":0,"44":0,"45":0,"46":0,"47":0,"48":0,"49":0,"50":0,"51":1},"f":{"0":1,"1":2,"2":1,"3":0,"4":0,"5":0,"6":0,"7":0,"8":0,"9":0,"10":0,"11":0},"b":{"0":[1],"1":[1,0],"2":[1,0],"3":[0,0],"4":[0,0],"5":[0,0],"6":[0,0],"7":[0,0],"8":[0,0],"9":[0,0],"10":[0,0],"11":[0,0],"12":[0,0],"13":[0,0]},"meta":{"lastBranch":14,"lastFunction":12,"lastStatement":52,"seen":{"s:11:25:11:Infinity":0,"s:12:63:12:Infinity":1,"f:14:2:14:14":0,"b:14:32:14:93":0,"b:14:32:14:64:14:64:14:93":1,"s:15:4:21:Infinity":2,"b:17:15:17:59:17:59:17:Infinity":2,"s:23:4:23:Infinity":3,"f:29:2:29:31":1,"s:30:4:30:Infinity":4,"f:36:10:36:36":2,"s:38:4:47:Infinity":5,"f:39:6:39:13":3,"s:40:22:40:Infinity":6,"b:41:8:43:Infinity:undefined:undefined:undefined:undefined":3,"s:41:8:43:Infinity":7,"b:41:12:41:21:41:21:41:37":4,"s:42:10:42:Infinity":8,"s:44:8:44:Infinity":9,"f:46:6:46:7":4,"s:46:17:46:Infinity":10,"s:50:4:98:Infinity":11,"f:51:6:51:7":5,"s:51:20:51:Infinity":12,"f:52:6:52:13":6,"s:53:32:53:Infinity":13,"b:56:8:94:Infinity:undefined:undefined:undefined:undefined":5,"s:56:8:94:Infinity":14,"b:56:12:56:46:56:46:56:71":6,"b:57:10:67:Infinity:undefined:undefined:undefined:undefined":7,"s:57:10:67:Infinity":15,"s:59:12:66:Infinity":16,"f:59:31:59:32":7,"s:60:14:65:Infinity":17,"f:60:43:60:44":8,"b:61:16:63:Infinity:undefined:undefined:undefined:undefined":8,"s:61:16:63:Infinity":18,"s:62:18:62:Infinity":19,"s:64:16:64:Infinity":20,"s:69:10:69:Infinity":21,"s:70:10:70:Infinity":22,"s:72:10:93:Infinity":23,"s:73:12:73:Infinity":24,"s:74:29:74:Infinity":25,"b:76:12:86:Infinity:undefined:undefined:undefined:undefined":9,"s:76:12:86:Infinity":26,"s:78:14:78:Infinity":27,"f:78:46:78:58":9,"s:78:58:78:76":28,"s:79:14:79:Infinity":29,"b:82:14:84:Infinity:undefined:undefined:undefined:undefined":10,"s:82:14:84:Infinity":30,"s:83:16:83:Infinity":31,"s:85:14:85:Infinity":32,"s:89:12:89:Infinity":33,"s:90:12:90:Infinity":34,"s:92:12:92:Infinity":35,"s:96:8:96:Infinity":36,"f:104:16:104:46":10,"s:105:25:105:Infinity":37,"b:107:4:109:Infinity:undefined:undefined:undefined:undefined":11,"s:107:4:109:Infinity":38,"s:108:6:108:Infinity":39,"s:111:4:132:Infinity":40,"s:112:23:115:Infinity":41,"s:117:46:117:Infinity":42,"s:120:24:120:Infinity":43,"s:122:23:126:Infinity":44,"b:124:8:124:25:124:25:124:Infinity":12,"s:128:6:128:Infinity":45,"s:130:6:130:Infinity":46,"s:131:6:131:Infinity":47,"f:138:16:138:51":11,"s:139:4:139:Infinity":48,"b:142:4:144:Infinity:undefined:undefined:undefined:undefined":13,"s:142:4:144:Infinity":49,"s:143:6:143:Infinity":50,"s:149:26:149:Infinity":51}}}
,"C:\\Users\\Jarvis\\Verif-AI\\frontend\\src\\infrastructure\\api\\UserApi.ts": {"path":"C:\\Users\\Jarvis\\Verif-AI\\frontend\\src\\infrastructure\\api\\UserApi.ts","statementMap":{"0":{"start":{"line":14,"column":19},"end":{"line":14,"column":null}},"1":{"start":{"line":20,"column":21},"end":{"line":20,"column":null}},"2":{"start":{"line":21,"column":4},"end":{"line":21,"column":null}},"3":{"start":{"line":28,"column":21},"end":{"line":28,"column":null}},"4":{"start":{"line":29,"column":4},"end":{"line":29,"column":null}},"5":{"start":{"line":36,"column":21},"end":{"line":42,"column":null}},"6":{"start":{"line":43,"column":4},"end":{"line":43,"column":null}},"7":{"start":{"line":48,"column":23},"end":{"line":48,"column":null}}},"fnMap":{"0":{"name":"(anonymous_0)","decl":{"start":{"line":19,"column":8},"end":{"line":19,"column":43}},"loc":{"start":{"line":19,"column":43},"end":{"line":22,"column":null}},"line":19},"1":{"name":"(anonymous_1)","decl":{"start":{"line":27,"column":8},"end":{"line":27,"column":22}},"loc":{"start":{"line":27,"column":80},"end":{"line":30,"column":null}},"line":27},"2":{"name":"(anonymous_2)","decl":{"start":{"line":35,"column":8},"end":{"line":35,"column":24}},"loc":{"start":{"line":35,"column":89},"end":{"line":44,"column":null}},"line":35}},"branchMap":{},"s":{"0":1,"1":0,"2":0,"3":0,"4":0,"5":0,"6":0,"7":1},"f":{"0":0,"1":0,"2":0},"b":{},"meta":{"lastBranch":0,"lastFunction":3,"lastStatement":8,"seen":{"s:14:19:14:Infinity":0,"f:19:8:19:43":0,"s:20:21:20:Infinity":1,"s:21:4:21:Infinity":2,"f:27:8:27:22":1,"s:28:21:28:Infinity":3,"s:29:4:29:Infinity":4,"f:35:8:35:24":2,"s:36:21:42:Infinity":5,"s:43:4:43:Infinity":6,"s:48:23:48:Infinity":7}}}
,"C:\\Users\\Jarvis\\Verif-AI\\frontend\\src\\infrastructure\\api\\index.ts": {"path":"C:\\Users\\Jarvis\\Verif-AI\\frontend\\src\\infrastructure\\api\\index.ts","statementMap":{},"fnMap":{},"branchMap":{},"s":{},"f":{},"b":{},"meta":{"lastBranch":0,"lastFunction":0,"lastStatement":0,"seen":{}}}
,"C:\\Users\\Jarvis\\Verif-AI\\frontend\\src\\infrastructure\\storage\\TokenStorage.ts": {"path":"C:\\Users\\Jarvis\\Verif-AI\\frontend\\src\\infrastructure\\storage\\TokenStorage.ts","statementMap":{"0":{"start":{"line":7,"column":45},"end":{"line":7,"column":null}},"1":{"start":{"line":8,"column":46},"end":{"line":8,"column":null}},"2":{"start":{"line":9,"column":45},"end":{"line":9,"column":null}},"3":{"start":{"line":15,"column":4},"end":{"line":24,"column":null}},"4":{"start":{"line":16,"column":6},"end":{"line":23,"column":null}},"5":{"start":{"line":17,"column":8},"end":{"line":17,"column":null}},"6":{"start":{"line":18,"column":8},"end":{"line":18,"column":null}},"7":{"start":{"line":19,"column":8},"end":{"line":19,"column":null}},"8":{"start":{"line":21,"column":8},"end":{"line":21,"column":null}},"9":{"start":{"line":22,"column":8},"end":{"line":22,"column":null}},"10":{"start":{"line":31,"column":4},"end":{"line":38,"column":null}},"11":{"start":{"line":32,"column":6},"end":{"line":37,"column":null}},"12":{"start":{"line":33,"column":8},"end":{"line":33,"column":null}},"13":{"start":{"line":35,"column":8},"end":{"line":35,"column":null}},"14":{"start":{"line":36,"column":8},"end":{"line":36,"column":null}},"15":{"start":{"line":39,"column":4},"end":{"line":39,"column":null}},"16":{"start":{"line":46,"column":4},"end":{"line":53,"column":null}},"17":{"start":{"line":47,"column":6},"end":{"line":52,"column":null}},"18":{"start":{"line":48,"column":8},"end":{"line":48,"column":null}},"19":{"start":{"line":50,"column":8},"end":{"line":50,"column":null}},"20":{"start":{"line":51,"column":8},"end":{"line":51,"column":null}},"21":{"start":{"line":54,"column":4},"end":{"line":54,"column":null}},"22":{"start":{"line":61,"column":4},"end":{"line":69,"column":null}},"23":{"start":{"line":62,"column":6},"end":{"line":68,"column":null}},"24":{"start":{"line":63,"column":23},"end":{"line":63,"column":null}},"25":{"start":{"line":64,"column":8},"end":{"line":64,"column":null}},"26":{"start":{"line":66,"column":8},"end":{"line":66,"column":null}},"27":{"start":{"line":67,"column":8},"end":{"line":67,"column":null}},"28":{"start":{"line":70,"column":4},"end":{"line":70,"column":null}},"29":{"start":{"line":77,"column":24},"end":{"line":77,"column":null}},"30":{"start":{"line":78,"column":25},"end":{"line":78,"column":null}},"31":{"start":{"line":79,"column":22},"end":{"line":79,"column":null}},"32":{"start":{"line":81,"column":4},"end":{"line":83,"column":null}},"33":{"start":{"line":82,"column":6},"end":{"line":82,"column":null}},"34":{"start":{"line":85,"column":4},"end":{"line":85,"column":null}},"35":{"start":{"line":92,"column":4},"end":{"line":100,"column":null}},"36":{"start":{"line":93,"column":6},"end":{"line":99,"column":null}},"37":{"start":{"line":94,"column":8},"end":{"line":94,"column":null}},"38":{"start":{"line":95,"column":8},"end":{"line":95,"column":null}},"39":{"start":{"line":96,"column":8},"end":{"line":96,"column":null}},"40":{"start":{"line":98,"column":8},"end":{"line":98,"column":null}},"41":{"start":{"line":107,"column":24},"end":{"line":107,"column":null}},"42":{"start":{"line":108,"column":25},"end":{"line":108,"column":null}},"43":{"start":{"line":109,"column":4},"end":{"line":109,"column":null}}},"fnMap":{"0":{"name":"(anonymous_0)","decl":{"start":{"line":14,"column":15},"end":{"line":14,"column":27}},"loc":{"start":{"line":14,"column":60},"end":{"line":25,"column":null}},"line":14},"1":{"name":"(anonymous_1)","decl":{"start":{"line":30,"column":15},"end":{"line":30,"column":56}},"loc":{"start":{"line":30,"column":56},"end":{"line":40,"column":null}},"line":30},"2":{"name":"(anonymous_2)","decl":{"start":{"line":45,"column":15},"end":{"line":45,"column":57}},"loc":{"start":{"line":45,"column":57},"end":{"line":55,"column":null}},"line":45},"3":{"name":"(anonymous_3)","decl":{"start":{"line":60,"column":15},"end":{"line":60,"column":54}},"loc":{"start":{"line":60,"column":54},"end":{"line":71,"column":null}},"line":60},"4":{"name":"(anonymous_4)","decl":{"start":{"line":76,"column":15},"end":{"line":76,"column":57}},"loc":{"start":{"line":76,"column":57},"end":{"line":86,"column":null}},"line":76},"5":{"name":"(anonymous_5)","decl":{"start":{"line":91,"column":15},"end":{"line":91,"column":44}},"loc":{"start":{"line":91,"column":44},"end":{"line":101,"column":null}},"line":91},"6":{"name":"(anonymous_6)","decl":{"start":{"line":106,"column":15},"end":{"line":106,"column":45}},"loc":{"start":{"line":106,"column":45},"end":{"line":110,"column":null}},"line":106}},"branchMap":{"0":{"loc":{"start":{"line":15,"column":4},"end":{"line":24,"column":null}},"type":"if","locations":[{"start":{"line":15,"column":4},"end":{"line":24,"column":null}},{"start":{},"end":{}}],"line":15},"1":{"loc":{"start":{"line":31,"column":4},"end":{"line":38,"column":null}},"type":"if","locations":[{"start":{"line":31,"column":4},"end":{"line":38,"column":null}},{"start":{},"end":{}}],"line":31},"2":{"loc":{"start":{"line":46,"column":4},"end":{"line":53,"column":null}},"type":"if","locations":[{"start":{"line":46,"column":4},"end":{"line":53,"column":null}},{"start":{},"end":{}}],"line":46},"3":{"loc":{"start":{"line":61,"column":4},"end":{"line":69,"column":null}},"type":"if","locations":[{"start":{"line":61,"column":4},"end":{"line":69,"column":null}},{"start":{},"end":{}}],"line":61},"4":{"loc":{"start":{"line":64,"column":15},"end":{"line":64,"column":null}},"type":"cond-expr","locations":[{"start":{"line":64,"column":24},"end":{"line":64,"column":43}},{"start":{"line":64,"column":43},"end":{"line":64,"column":null}}],"line":64},"5":{"loc":{"start":{"line":81,"column":4},"end":{"line":83,"column":null}},"type":"if","locations":[{"start":{"line":81,"column":4},"end":{"line":83,"column":null}},{"start":{},"end":{}}],"line":81},"6":{"loc":{"start":{"line":81,"column":8},"end":{"line":81,"column":53}},"type":"binary-expr","locations":[{"start":{"line":81,"column":8},"end":{"line":81,"column":24}},{"start":{"line":81,"column":24},"end":{"line":81,"column":41}},{"start":{"line":81,"column":41},"end":{"line":81,"column":53}}],"line":81},"7":{"loc":{"start":{"line":92,"column":4},"end":{"line":100,"column":null}},"type":"if","locations":[{"start":{"line":92,"column":4},"end":{"line":100,"column":null}},{"start":{},"end":{}}],"line":92},"8":{"loc":{"start":{"line":109,"column":14},"end":{"line":109,"column":null}},"type":"binary-expr","locations":[{"start":{"line":109,"column":14},"end":{"line":109,"column":29}},{"start":{"line":109,"column":29},"end":{"line":109,"column":null}}],"line":109}},"s":{"0":1,"1":1,"2":1,"3":0,"4":0,"5":0,"6":0,"7":0,"8":0,"9":0,"10":4,"11":4,"12":4,"13":0,"14":0,"15":0,"16":0,"17":0,"18":0,"19":0,"20":0,"21":0,"22":0,"23":0,"24":0,"25":0,"26":0,"27":0,"28":0,"29":0,"30":0,"31":0,"32":0,"33":0,"34":0,"35":0,"36":0,"37":0,"38":0,"39":0,"40":0,"41":0,"42":0,"43":0},"f":{"0":1,"1":1,"2":1,"3":1,"4":1,"5":1,"6":1},"b":{"0":[0,0],"1":[4,0],"2":[0,0],"3":[0,0],"4":[0,0],"5":[0,0],"6":[0,0,0],"7":[0,0],"8":[0,0]},"meta":{"lastBranch":9,"lastFunction":7,"lastStatement":44,"seen":{"s:7:45:7:Infinity":0,"s:8:46:8:Infinity":1,"s:9:45:9:Infinity":2,"f:14:15:14:27":0,"b:15:4:24:Infinity:undefined:undefined:undefined:undefined":0,"s:15:4:24:Infinity":3,"s:16:6:23:Infinity":4,"s:17:8:17:Infinity":5,"s:18:8:18:Infinity":6,"s:19:8:19:Infinity":7,"s:21:8:21:Infinity":8,"s:22:8:22:Infinity":9,"f:30:15:30:56":1,"b:31:4:38:Infinity:undefined:undefined:undefined:undefined":1,"s:31:4:38:Infinity":10,"s:32:6:37:Infinity":11,"s:33:8:33:Infinity":12,"s:35:8:35:Infinity":13,"s:36:8:36:Infinity":14,"s:39:4:39:Infinity":15,"f:45:15:45:57":2,"b:46:4:53:Infinity:undefined:undefined:undefined:undefined":2,"s:46:4:53:Infinity":16,"s:47:6:52:Infinity":17,"s:48:8:48:Infinity":18,"s:50:8:50:Infinity":19,"s:51:8:51:Infinity":20,"s:54:4:54:Infinity":21,"f:60:15:60:54":3,"b:61:4:69:Infinity:undefined:undefined:undefined:undefined":3,"s:61:4:69:Infinity":22,"s:62:6:68:Infinity":23,"s:63:23:63:Infinity":24,"s:64:8:64:Infinity":25,"b:64:24:64:43:64:43:64:Infinity":4,"s:66:8:66:Infinity":26,"s:67:8:67:Infinity":27,"s:70:4:70:Infinity":28,"f:76:15:76:57":4,"s:77:24:77:Infinity":29,"s:78:25:78:Infinity":30,"s:79:22:79:Infinity":31,"b:81:4:83:Infinity:undefined:undefined:undefined:undefined":5,"s:81:4:83:Infinity":32,"b:81:8:81:24:81:24:81:41:81:41:81:53":6,"s:82:6:82:Infinity":33,"s:85:4:85:Infinity":34,"f:91:15:91:44":5,"b:92:4:100:Infinity:undefined:undefined:undefined:undefined":7,"s:92:4:100:Infinity":35,"s:93:6:99:Infinity":36,"s:94:8:94:Infinity":37,"s:95:8:95:Infinity":38,"s:96:8:96:Infinity":39,"s:98:8:98:Infinity":40,"f:106:15:106:45":6,"s:107:24:107:Infinity":41,"s:108:25:108:Infinity":42,"s:109:4:109:Infinity":43,"b:109:14:109:29:109:29:109:Infinity":8}}}
,"C:\\Users\\Jarvis\\Verif-AI\\frontend\\src\\infrastructure\\storage\\UserStorage.ts": {"path":"C:\\Users\\Jarvis\\Verif-AI\\frontend\\src\\infrastructure\\storage\\UserStorage.ts","statementMap":{"0":{"start":{"line":7,"column":37},"end":{"line":7,"column":null}},"1":{"start":{"line":13,"column":4},"end":{"line":20,"column":null}},"2":{"start":{"line":14,"column":6},"end":{"line":19,"column":null}},"3":{"start":{"line":15,"column":8},"end":{"line":15,"column":null}},"4":{"start":{"line":17,"column":8},"end":{"line":17,"column":null}},"5":{"start":{"line":18,"column":8},"end":{"line":18,"column":null}},"6":{"start":{"line":27,"column":4},"end":{"line":35,"column":null}},"7":{"start":{"line":28,"column":6},"end":{"line":34,"column":null}},"8":{"start":{"line":29,"column":25},"end":{"line":29,"column":null}},"9":{"start":{"line":30,"column":8},"end":{"line":30,"column":null}},"10":{"start":{"line":32,"column":8},"end":{"line":32,"column":null}},"11":{"start":{"line":33,"column":8},"end":{"line":33,"column":null}},"12":{"start":{"line":36,"column":4},"end":{"line":36,"column":null}},"13":{"start":{"line":43,"column":4},"end":{"line":49,"column":null}},"14":{"start":{"line":44,"column":6},"end":{"line":48,"column":null}},"15":{"start":{"line":45,"column":8},"end":{"line":45,"column":null}},"16":{"start":{"line":47,"column":8},"end":{"line":47,"column":null}},"17":{"start":{"line":56,"column":17},"end":{"line":56,"column":null}},"18":{"start":{"line":57,"column":4},"end":{"line":57,"column":null}}},"fnMap":{"0":{"name":"(anonymous_0)","decl":{"start":{"line":12,"column":15},"end":{"line":12,"column":25}},"loc":{"start":{"line":12,"column":59},"end":{"line":21,"column":null}},"line":12},"1":{"name":"(anonymous_1)","decl":{"start":{"line":26,"column":15},"end":{"line":26,"column":54}},"loc":{"start":{"line":26,"column":54},"end":{"line":37,"column":null}},"line":26},"2":{"name":"(anonymous_2)","decl":{"start":{"line":42,"column":15},"end":{"line":42,"column":42}},"loc":{"start":{"line":42,"column":42},"end":{"line":50,"column":null}},"line":42},"3":{"name":"(anonymous_3)","decl":{"start":{"line":55,"column":15},"end":{"line":55,"column":43}},"loc":{"start":{"line":55,"column":43},"end":{"line":58,"column":null}},"line":55}},"branchMap":{"0":{"loc":{"start":{"line":13,"column":4},"end":{"line":20,"column":null}},"type":"if","locations":[{"start":{"line":13,"column":4},"end":{"line":20,"column":null}},{"start":{},"end":{}}],"line":13},"1":{"loc":{"start":{"line":27,"column":4},"end":{"line":35,"column":null}},"type":"if","locations":[{"start":{"line":27,"column":4},"end":{"line":35,"column":null}},{"start":{},"end":{}}],"line":27},"2":{"loc":{"start":{"line":30,"column":15},"end":{"line":30,"column":null}},"type":"cond-expr","locations":[{"start":{"line":30,"column":26},"end":{"line":30,"column":49}},{"start":{"line":30,"column":49},"end":{"line":30,"column":null}}],"line":30},"3":{"loc":{"start":{"line":43,"column":4},"end":{"line":49,"column":null}},"type":"if","locations":[{"start":{"line":43,"column":4},"end":{"line":49,"column":null}},{"start":{},"end":{}}],"line":43}},"s":{"0":1,"1":0,"2":0,"3":0,"4":0,"5":0,"6":0,"7":0,"8":0,"9":0,"10":0,"11":0,"12":0,"13":0,"14":0,"15":0,"16":0,"17":0,"18":0},"f":{"0":1,"1":1,"2":1,"3":1},"b":{"0":[0,0],"1":[0,0],"2":[0,0],"3":[0,0]},"meta":{"lastBranch":4,"lastFunction":4,"lastStatement":19,"seen":{"s:7:37:7:Infinity":0,"f:12:15:12:25":0,"b:13:4:20:Infinity:undefined:undefined:undefined:undefined":0,"s:13:4:20:Infinity":1,"s:14:6:19:Infinity":2,"s:15:8:15:Infinity":3,"s:17:8:17:Infinity":4,"s:18:8:18:Infinity":5,"f:26:15:26:54":1,"b:27:4:35:Infinity:undefined:undefined:undefined:undefined":1,"s:27:4:35:Infinity":6,"s:28:6:34:Infinity":7,"s:29:25:29:Infinity":8,"s:30:8:30:Infinity":9,"b:30:26:30:49:30:49:30:Infinity":2,"s:32:8:32:Infinity":10,"s:33:8:33:Infinity":11,"s:36:4:36:Infinity":12,"f:42:15:42:42":2,"b:43:4:49:Infinity:undefined:undefined:undefined:undefined":3,"s:43:4:49:Infinity":13,"s:44:6:48:Infinity":14,"s:45:8:45:Infinity":15,"s:47:8:47:Infinity":16,"f:55:15:55:43":3,"s:56:17:56:Infinity":17,"s:57:4:57:Infinity":18}}}
,"C:\\Users\\Jarvis\\Verif-AI\\frontend\\src\\infrastructure\\storage\\index.ts": {"path":"C:\\Users\\Jarvis\\Verif-AI\\frontend\\src\\infrastructure\\storage\\index.ts","statementMap":{},"fnMap":{},"branchMap":{},"s":{},"f":{},"b":{},"meta":{"lastBranch":0,"lastFunction":0,"lastStatement":0,"seen":{}}}
,"C:\\Users\\Jarvis\\Verif-AI\\frontend\\src\\interfaces\\components\\auth\\LoginForm.tsx": {"path":"C:\\Users\\Jarvis\\Verif-AI\\frontend\\src\\interfaces\\components\\auth\\LoginForm.tsx","statementMap":{"0":{"start":{"line":14,"column":35},"end":{"line":165,"column":null}},"1":{"start":{"line":15,"column":16},"end":{"line":15,"column":null}},"2":{"start":{"line":16,"column":8},"end":{"line":16,"column":null}},"3":{"start":{"line":17,"column":36},"end":{"line":17,"column":null}},"4":{"start":{"line":23,"column":2},"end":{"line":23,"column":null}},"5":{"start":{"line":25,"column":19},"end":{"line":38,"column":null}},"6":{"start":{"line":26,"column":4},"end":{"line":26,"column":null}},"7":{"start":{"line":28,"column":4},"end":{"line":37,"column":null}},"8":{"start":{"line":29,"column":6},"end":{"line":29,"column":null}},"9":{"start":{"line":30,"column":6},"end":{"line":30,"column":null}},"10":{"start":{"line":32,"column":6},"end":{"line":36,"column":null}},"11":{"start":{"line":33,"column":8},"end":{"line":33,"column":null}},"12":{"start":{"line":35,"column":8},"end":{"line":35,"column":null}},"13":{"start":{"line":40,"column":2},"end":{"line":163,"column":null}}},"fnMap":{"0":{"name":"(anonymous_0)","decl":{"start":{"line":14,"column":35},"end":{"line":14,"column":41}},"loc":{"start":{"line":14,"column":41},"end":{"line":165,"column":null}},"line":14},"1":{"name":"(anonymous_1)","decl":{"start":{"line":25,"column":19},"end":{"line":25,"column":26}},"loc":{"start":{"line":25,"column":53},"end":{"line":38,"column":null}},"line":25}},"branchMap":{"0":{"loc":{"start":{"line":32,"column":6},"end":{"line":36,"column":null}},"type":"if","locations":[{"start":{"line":32,"column":6},"end":{"line":36,"column":null}},{"start":{"line":34,"column":13},"end":{"line":36,"column":null}}],"line":32},"1":{"loc":{"start":{"line":43,"column":9},"end":{"line":46,"column":null}},"type":"binary-expr","locations":[{"start":{"line":43,"column":9},"end":{"line":43,"column":null}},{"start":{"line":44,"column":10},"end":{"line":46,"column":null}}],"line":43},"2":{"loc":{"start":{"line":69,"column":139},"end":{"line":69,"column":175}},"type":"cond-expr","locations":[{"start":{"line":69,"column":154},"end":{"line":69,"column":173}},{"start":{"line":69,"column":173},"end":{"line":69,"column":175}}],"line":69},"3":{"loc":{"start":{"line":72,"column":11},"end":{"line":73,"column":null}},"type":"binary-expr","locations":[{"start":{"line":72,"column":11},"end":{"line":72,"column":null}},{"start":{"line":73,"column":12},"end":{"line":73,"column":null}}],"line":72},"4":{"loc":{"start":{"line":97,"column":139},"end":{"line":97,"column":178}},"type":"cond-expr","locations":[{"start":{"line":97,"column":157},"end":{"line":97,"column":176}},{"start":{"line":97,"column":176},"end":{"line":97,"column":178}}],"line":97},"5":{"loc":{"start":{"line":100,"column":11},"end":{"line":101,"column":null}},"type":"binary-expr","locations":[{"start":{"line":100,"column":11},"end":{"line":100,"column":null}},{"start":{"line":101,"column":12},"end":{"line":101,"column":null}}],"line":100},"6":{"loc":{"start":{"line":130,"column":11},"end":{"line":130,"column":null}},"type":"cond-expr","locations":[{"start":{"line":130,"column":26},"end":{"line":130,"column":44}},{"start":{"line":130,"column":44},"end":{"line":130,"column":null}}],"line":130}},"s":{"0":1,"1":8,"2":8,"3":8,"4":8,"5":8,"6":0,"7":0,"8":0,"9":0,"10":0,"11":0,"12":0,"13":8},"f":{"0":8,"1":0},"b":{"0":[0,0],"1":[8,0],"2":[0,8],"3":[8,0],"4":[0,8],"5":[8,0],"6":[0,8]},"meta":{"lastBranch":7,"lastFunction":2,"lastStatement":14,"seen":{"s:14:35:165:Infinity":0,"f:14:35:14:41":0,"s:15:16:15:Infinity":1,"s:16:8:16:Infinity":2,"s:17:36:17:Infinity":3,"s:23:2:23:Infinity":4,"s:25:19:38:Infinity":5,"f:25:19:25:26":1,"s:26:4:26:Infinity":6,"s:28:4:37:Infinity":7,"s:29:6:29:Infinity":8,"s:30:6:30:Infinity":9,"b:32:6:36:Infinity:34:13:36:Infinity":0,"s:32:6:36:Infinity":10,"s:33:8:33:Infinity":11,"s:35:8:35:Infinity":12,"s:40:2:163:Infinity":13,"b:43:9:43:Infinity:44:10:46:Infinity":1,"b:69:154:69:173:69:173:69:175":2,"b:72:11:72:Infinity:73:12:73:Infinity":3,"b:97:157:97:176:97:176:97:178":4,"b:100:11:100:Infinity:101:12:101:Infinity":5,"b:130:26:130:44:130:44:130:Infinity":6}}}
,"C:\\Users\\Jarvis\\Verif-AI\\frontend\\src\\lib\\utils.ts": {"path":"C:\\Users\\Jarvis\\Verif-AI\\frontend\\src\\lib\\utils.ts","statementMap":{"0":{"start":{"line":5,"column":2},"end":{"line":5,"column":null}}},"fnMap":{"0":{"name":"cn","decl":{"start":{"line":4,"column":16},"end":{"line":4,"column":22}},"loc":{"start":{"line":4,"column":44},"end":{"line":6,"column":null}},"line":4}},"branchMap":{},"s":{"0":48},"f":{"0":48},"b":{},"meta":{"lastBranch":0,"lastFunction":1,"lastStatement":1,"seen":{"f:4:16:4:22":0,"s:5:2:5:Infinity":0}}}
,"C:\\Users\\Jarvis\\Verif-AI\\frontend\\src\\use_cases\\auth\\LoginUseCase.ts": {"path":"C:\\Users\\Jarvis\\Verif-AI\\frontend\\src\\use_cases\\auth\\LoginUseCase.ts","statementMap":{"0":{"start":{"line":18,"column":4},"end":{"line":20,"column":null}},"1":{"start":{"line":19,"column":6},"end":{"line":19,"column":null}},"2":{"start":{"line":23,"column":31},"end":{"line":26,"column":null}},"3":{"start":{"line":27,"column":4},"end":{"line":29,"column":null}},"4":{"start":{"line":28,"column":6},"end":{"line":28,"column":null}},"5":{"start":{"line":32,"column":34},"end":{"line":32,"column":null}},"6":{"start":{"line":35,"column":22},"end":{"line":35,"column":null}},"7":{"start":{"line":38,"column":22},"end":{"line":42,"column":null}},"8":{"start":{"line":44,"column":17},"end":{"line":53,"column":null}},"9":{"start":{"line":56,"column":4},"end":{"line":56,"column":null}},"10":{"start":{"line":57,"column":4},"end":{"line":67,"column":null}},"11":{"start":{"line":69,"column":4},"end":{"line":73,"column":null}},"12":{"start":{"line":78,"column":28},"end":{"line":78,"column":null}}},"fnMap":{"0":{"name":"(anonymous_0)","decl":{"start":{"line":12,"column":8},"end":{"line":12,"column":16}},"loc":{"start":{"line":16,"column":5},"end":{"line":74,"column":null}},"line":16}},"branchMap":{"0":{"loc":{"start":{"line":18,"column":4},"end":{"line":20,"column":null}},"type":"if","locations":[{"start":{"line":18,"column":4},"end":{"line":20,"column":null}},{"start":{},"end":{}}],"line":18},"1":{"loc":{"start":{"line":27,"column":4},"end":{"line":29,"column":null}},"type":"if","locations":[{"start":{"line":27,"column":4},"end":{"line":29,"column":null}},{"start":{},"end":{}}],"line":27},"2":{"loc":{"start":{"line":52,"column":6},"end":{"line":52,"column":null}},"type":"cond-expr","locations":[{"start":{"line":52,"column":33},"end":{"line":52,"column":70}},{"start":{"line":52,"column":70},"end":{"line":52,"column":null}}],"line":52}},"s":{"0":4,"1":1,"2":3,"3":3,"4":1,"5":2,"6":1,"7":1,"8":1,"9":4,"10":1,"11":1,"12":2},"f":{"0":4},"b":{"0":[1,3],"1":[1,2],"2":[0,1]},"meta":{"lastBranch":3,"lastFunction":1,"lastStatement":13,"seen":{"f:12:8:12:16":0,"b:18:4:20:Infinity:undefined:undefined:undefined:undefined":0,"s:18:4:20:Infinity":0,"s:19:6:19:Infinity":1,"s:23:31:26:Infinity":2,"b:27:4:29:Infinity:undefined:undefined:undefined:undefined":1,"s:27:4:29:Infinity":3,"s:28:6:28:Infinity":4,"s:32:34:32:Infinity":5,"s:35:22:35:Infinity":6,"s:38:22:42:Infinity":7,"s:44:17:53:Infinity":8,"b:52:33:52:70:52:70:52:Infinity":2,"s:56:4:56:Infinity":9,"s:57:4:67:Infinity":10,"s:69:4:73:Infinity":11,"s:78:28:78:Infinity":12}}}
,"C:\\Users\\Jarvis\\Verif-AI\\frontend\\src\\use_cases\\auth\\LogoutUseCase.ts": {"path":"C:\\Users\\Jarvis\\Verif-AI\\frontend\\src\\use_cases\\auth\\LogoutUseCase.ts","statementMap":{"0":{"start":{"line":10,"column":4},"end":{"line":20,"column":null}},"1":{"start":{"line":12,"column":6},"end":{"line":12,"column":null}},"2":{"start":{"line":15,"column":6},"end":{"line":15,"column":null}},"3":{"start":{"line":18,"column":6},"end":{"line":18,"column":null}},"4":{"start":{"line":19,"column":6},"end":{"line":19,"column":null}},"5":{"start":{"line":22,"column":4},"end":{"line":25,"column":null}},"6":{"start":{"line":30,"column":29},"end":{"line":30,"column":null}}},"fnMap":{"0":{"name":"(anonymous_0)","decl":{"start":{"line":9,"column":8},"end":{"line":9,"column":66}},"loc":{"start":{"line":9,"column":66},"end":{"line":26,"column":null}},"line":9}},"branchMap":{},"s":{"0":0,"1":0,"2":0,"3":0,"4":0,"5":0,"6":1},"f":{"0":0},"b":{},"meta":{"lastBranch":0,"lastFunction":1,"lastStatement":7,"seen":{"f:9:8:9:66":0,"s:10:4:20:Infinity":0,"s:12:6:12:Infinity":1,"s:15:6:15:Infinity":2,"s:18:6:18:Infinity":3,"s:19:6:19:Infinity":4,"s:22:4:25:Infinity":5,"s:30:29:30:Infinity":6}}}
,"C:\\Users\\Jarvis\\Verif-AI\\frontend\\src\\use_cases\\auth\\RefreshTokenUseCase.ts": {"path":"C:\\Users\\Jarvis\\Verif-AI\\frontend\\src\\use_cases\\auth\\RefreshTokenUseCase.ts","statementMap":{"0":{"start":{"line":12,"column":25},"end":{"line":12,"column":null}},"1":{"start":{"line":14,"column":4},"end":{"line":16,"column":null}},"2":{"start":{"line":15,"column":6},"end":{"line":15,"column":null}},"3":{"start":{"line":19,"column":21},"end":{"line":19,"column":null}},"4":{"start":{"line":22,"column":22},"end":{"line":22,"column":null}},"5":{"start":{"line":25,"column":21},"end":{"line":29,"column":null}},"6":{"start":{"line":32,"column":4},"end":{"line":32,"column":null}},"7":{"start":{"line":34,"column":4},"end":{"line":37,"column":null}},"8":{"start":{"line":44,"column":25},"end":{"line":44,"column":null}},"9":{"start":{"line":46,"column":4},"end":{"line":48,"column":null}},"10":{"start":{"line":47,"column":6},"end":{"line":47,"column":null}},"11":{"start":{"line":51,"column":4},"end":{"line":59,"column":null}},"12":{"start":{"line":52,"column":6},"end":{"line":58,"column":null}},"13":{"start":{"line":53,"column":8},"end":{"line":53,"column":null}},"14":{"start":{"line":54,"column":8},"end":{"line":54,"column":null}},"15":{"start":{"line":56,"column":8},"end":{"line":56,"column":null}},"16":{"start":{"line":57,"column":8},"end":{"line":57,"column":null}},"17":{"start":{"line":61,"column":4},"end":{"line":61,"column":null}},"18":{"start":{"line":66,"column":35},"end":{"line":66,"column":null}}},"fnMap":{"0":{"name":"(anonymous_0)","decl":{"start":{"line":10,"column":8},"end":{"line":10,"column":67}},"loc":{"start":{"line":10,"column":67},"end":{"line":38,"column":null}},"line":10},"1":{"name":"(anonymous_1)","decl":{"start":{"line":43,"column":8},"end":{"line":43,"column":44}},"loc":{"start":{"line":43,"column":44},"end":{"line":62,"column":null}},"line":43}},"branchMap":{"0":{"loc":{"start":{"line":14,"column":4},"end":{"line":16,"column":null}},"type":"if","locations":[{"start":{"line":14,"column":4},"end":{"line":16,"column":null}},{"start":{},"end":{}}],"line":14},"1":{"loc":{"start":{"line":27,"column":6},"end":{"line":27,"column":null}},"type":"binary-expr","locations":[{"start":{"line":27,"column":6},"end":{"line":27,"column":39}},{"start":{"line":27,"column":39},"end":{"line":27,"column":null}}],"line":27},"2":{"loc":{"start":{"line":46,"column":4},"end":{"line":48,"column":null}},"type":"if","locations":[{"start":{"line":46,"column":4},"end":{"line":48,"column":null}},{"start":{},"end":{}}],"line":46},"3":{"loc":{"start":{"line":51,"column":4},"end":{"line":59,"column":null}},"type":"if","locations":[{"start":{"line":51,"column":4},"end":{"line":59,"column":null}},{"start":{},"end":{}}],"line":51}},"s":{"0":0,"1":0,"2":0,"3":0,"4":0,"5":0,"6":0,"7":0,"8":0,"9":0,"10":0,"11":0,"12":0,"13":0,"14":0,"15":0,"16":0,"17":0,"18":1},"f":{"0":0,"1":0},"b":{"0":[0,0],"1":[0,0],"2":[0,0],"3":[0,0]},"meta":{"lastBranch":4,"lastFunction":2,"lastStatement":19,"seen":{"f:10:8:10:67":0,"s:12:25:12:Infinity":0,"b:14:4:16:Infinity:undefined:undefined:undefined:undefined":0,"s:14:4:16:Infinity":1,"s:15:6:15:Infinity":2,"s:19:21:19:Infinity":3,"s:22:22:22:Infinity":4,"s:25:21:29:Infinity":5,"b:27:6:27:39:27:39:27:Infinity":1,"s:32:4:32:Infinity":6,"s:34:4:37:Infinity":7,"f:43:8:43:44":1,"s:44:25:44:Infinity":8,"b:46:4:48:Infinity:undefined:undefined:undefined:undefined":2,"s:46:4:48:Infinity":9,"s:47:6:47:Infinity":10,"b:51:4:59:Infinity:undefined:undefined:undefined:undefined":3,"s:51:4:59:Infinity":11,"s:52:6:58:Infinity":12,"s:53:8:53:Infinity":13,"s:54:8:54:Infinity":14,"s:56:8:56:Infinity":15,"s:57:8:57:Infinity":16,"s:61:4:61:Infinity":17,"s:66:35:66:Infinity":18}}}
,"C:\\Users\\Jarvis\\Verif-AI\\frontend\\src\\use_cases\\auth\\RegisterUseCase.ts": {"path":"C:\\Users\\Jarvis\\Verif-AI\\frontend\\src\\use_cases\\auth\\RegisterUseCase.ts","statementMap":{"0":{"start":{"line":17,"column":4},"end":{"line":19,"column":null}},"1":{"start":{"line":18,"column":6},"end":{"line":18,"column":null}},"2":{"start":{"line":22,"column":31},"end":{"line":22,"column":null}},"3":{"start":{"line":23,"column":4},"end":{"line":25,"column":null}},"4":{"start":{"line":24,"column":6},"end":{"line":24,"column":null}},"5":{"start":{"line":28,"column":28},"end":{"line":31,"column":null}},"6":{"start":{"line":32,"column":4},"end":{"line":34,"column":null}},"7":{"start":{"line":33,"column":6},"end":{"line":33,"column":null}},"8":{"start":{"line":37,"column":37},"end":{"line":37,"column":null}},"9":{"start":{"line":39,"column":4},"end":{"line":44,"column":null}},"10":{"start":{"line":49,"column":31},"end":{"line":49,"column":null}}},"fnMap":{"0":{"name":"(anonymous_0)","decl":{"start":{"line":10,"column":8},"end":{"line":10,"column":16}},"loc":{"start":{"line":15,"column":5},"end":{"line":45,"column":null}},"line":15}},"branchMap":{"0":{"loc":{"start":{"line":17,"column":4},"end":{"line":19,"column":null}},"type":"if","locations":[{"start":{"line":17,"column":4},"end":{"line":19,"column":null}},{"start":{},"end":{}}],"line":17},"1":{"loc":{"start":{"line":23,"column":4},"end":{"line":25,"column":null}},"type":"if","locations":[{"start":{"line":23,"column":4},"end":{"line":25,"column":null}},{"start":{},"end":{}}],"line":23},"2":{"loc":{"start":{"line":32,"column":4},"end":{"line":34,"column":null}},"type":"if","locations":[{"start":{"line":32,"column":4},"end":{"line":34,"column":null}},{"start":{},"end":{}}],"line":32},"3":{"loc":{"start":{"line":41,"column":15},"end":{"line":41,"column":null}},"type":"binary-expr","locations":[{"start":{"line":41,"column":15},"end":{"line":41,"column":35}},{"start":{"line":41,"column":35},"end":{"line":41,"column":null}}],"line":41}},"s":{"0":5,"1":1,"2":4,"3":4,"4":1,"5":3,"6":3,"7":1,"8":2,"9":1,"10":2},"f":{"0":5},"b":{"0":[1,4],"1":[1,3],"2":[1,2],"3":[1,0]},"meta":{"lastBranch":4,"lastFunction":1,"lastStatement":11,"seen":{"f:10:8:10:16":0,"b:17:4:19:Infinity:undefined:undefined:undefined:undefined":0,"s:17:4:19:Infinity":0,"s:18:6:18:Infinity":1,"s:22:31:22:Infinity":2,"b:23:4:25:Infinity:undefined:undefined:undefined:undefined":1,"s:23:4:25:Infinity":3,"s:24:6:24:Infinity":4,"s:28:28:31:Infinity":5,"b:32:4:34:Infinity:undefined:undefined:undefined:undefined":2,"s:32:4:34:Infinity":6,"s:33:6:33:Infinity":7,"s:37:37:37:Infinity":8,"s:39:4:44:Infinity":9,"b:41:15:41:35:41:35:41:Infinity":3,"s:49:31:49:Infinity":10}}}
,"C:\\Users\\Jarvis\\Verif-AI\\frontend\\src\\use_cases\\auth\\index.ts": {"path":"C:\\Users\\Jarvis\\Verif-AI\\frontend\\src\\use_cases\\auth\\index.ts","statementMap":{},"fnMap":{},"branchMap":{},"s":{},"f":{},"b":{},"meta":{"lastBranch":0,"lastFunction":0,"lastStatement":0,"seen":{}}}
,"C:\\Users\\Jarvis\\Verif-AI\\frontend\\src\\use_cases\\user\\CheckPermissionUseCase.ts": {"path":"C:\\Users\\Jarvis\\Verif-AI\\frontend\\src\\use_cases\\user\\CheckPermissionUseCase.ts","statementMap":{"0":{"start":{"line":13,"column":44},"end":{"line":16,"column":null}},"1":{"start":{"line":18,"column":21},"end":{"line":18,"column":null}},"2":{"start":{"line":20,"column":4},"end":{"line":23,"column":null}},"3":{"start":{"line":32,"column":55},"end":{"line":32,"column":null}},"4":{"start":{"line":35,"column":4},"end":{"line":45,"column":null}},"5":{"start":{"line":37,"column":8},"end":{"line":43,"column":null}},"6":{"start":{"line":38,"column":25},"end":{"line":38,"column":null}},"7":{"start":{"line":39,"column":10},"end":{"line":39,"column":null}},"8":{"start":{"line":42,"column":10},"end":{"line":42,"column":null}},"9":{"start":{"line":47,"column":4},"end":{"line":47,"column":null}},"10":{"start":{"line":52,"column":38},"end":{"line":52,"column":null}}},"fnMap":{"0":{"name":"(anonymous_0)","decl":{"start":{"line":9,"column":8},"end":{"line":9,"column":16}},"loc":{"start":{"line":12,"column":5},"end":{"line":24,"column":null}},"line":12},"1":{"name":"(anonymous_1)","decl":{"start":{"line":29,"column":8},"end":{"line":29,"column":22}},"loc":{"start":{"line":31,"column":5},"end":{"line":48,"column":null}},"line":31},"2":{"name":"(anonymous_2)","decl":{"start":{"line":36,"column":22},"end":{"line":36,"column":29}},"loc":{"start":{"line":36,"column":44},"end":{"line":44,"column":7}},"line":36}},"branchMap":{},"s":{"0":0,"1":0,"2":0,"3":0,"4":0,"5":0,"6":0,"7":0,"8":0,"9":0,"10":1},"f":{"0":0,"1":0,"2":0},"b":{},"meta":{"lastBranch":0,"lastFunction":3,"lastStatement":11,"seen":{"f:9:8:9:16":0,"s:13:44:16:Infinity":0,"s:18:21:18:Infinity":1,"s:20:4:23:Infinity":2,"f:29:8:29:22":1,"s:32:55:32:Infinity":3,"s:35:4:45:Infinity":4,"f:36:22:36:29":2,"s:37:8:43:Infinity":5,"s:38:25:38:Infinity":6,"s:39:10:39:Infinity":7,"s:42:10:42:Infinity":8,"s:47:4:47:Infinity":9,"s:52:38:52:Infinity":10}}}
,"C:\\Users\\Jarvis\\Verif-AI\\frontend\\src\\use_cases\\user\\GetProfileUseCase.ts": {"path":"C:\\Users\\Jarvis\\Verif-AI\\frontend\\src\\use_cases\\user\\GetProfileUseCase.ts","statementMap":{"0":{"start":{"line":13,"column":33},"end":{"line":13,"column":null}},"1":{"start":{"line":16,"column":17},"end":{"line":25,"column":null}},"2":{"start":{"line":28,"column":4},"end":{"line":28,"column":null}},"3":{"start":{"line":30,"column":4},"end":{"line":33,"column":null}},"4":{"start":{"line":41,"column":26},"end":{"line":41,"column":null}},"5":{"start":{"line":43,"column":4},"end":{"line":45,"column":null}},"6":{"start":{"line":44,"column":6},"end":{"line":44,"column":null}},"7":{"start":{"line":47,"column":4},"end":{"line":56,"column":null}},"8":{"start":{"line":61,"column":33},"end":{"line":61,"column":null}}},"fnMap":{"0":{"name":"(anonymous_0)","decl":{"start":{"line":11,"column":8},"end":{"line":11,"column":61}},"loc":{"start":{"line":11,"column":61},"end":{"line":34,"column":null}},"line":11},"1":{"name":"(anonymous_1)","decl":{"start":{"line":40,"column":8},"end":{"line":40,"column":45}},"loc":{"start":{"line":40,"column":45},"end":{"line":57,"column":null}},"line":40}},"branchMap":{"0":{"loc":{"start":{"line":24,"column":6},"end":{"line":24,"column":null}},"type":"cond-expr","locations":[{"start":{"line":24,"column":26},"end":{"line":24,"column":56}},{"start":{"line":24,"column":56},"end":{"line":24,"column":null}}],"line":24},"1":{"loc":{"start":{"line":43,"column":4},"end":{"line":45,"column":null}},"type":"if","locations":[{"start":{"line":43,"column":4},"end":{"line":45,"column":null}},{"start":{},"end":{}}],"line":43},"2":{"loc":{"start":{"line":55,"column":6},"end":{"line":55,"column":null}},"type":"cond-expr","locations":[{"start":{"line":55,"column":32},"end":{"line":55,"column":68}},{"start":{"line":55,"column":68},"end":{"line":55,"column":null}}],"line":55}},"s":{"0":0,"1":0,"2":0,"3":0,"4":0,"5":0,"6":0,"7":0,"8":1},"f":{"0":0,"1":0},"b":{"0":[0,0],"1":[0,0],"2":[0,0]},"meta":{"lastBranch":3,"lastFunction":2,"lastStatement":9,"seen":{"f:11:8:11:61":0,"s:13:33:13:Infinity":0,"s:16:17:25:Infinity":1,"b:24:26:24:56:24:56:24:Infinity":0,"s:28:4:28:Infinity":2,"s:30:4:33:Infinity":3,"f:40:8:40:45":1,"s:41:26:41:Infinity":4,"b:43:4:45:Infinity:undefined:undefined:undefined:undefined":1,"s:43:4:45:Infinity":5,"s:44:6:44:Infinity":6,"s:47:4:56:Infinity":7,"b:55:32:55:68:55:68:55:Infinity":2,"s:61:33:61:Infinity":8}}}
,"C:\\Users\\Jarvis\\Verif-AI\\frontend\\src\\use_cases\\user\\UpdateProfileUseCase.ts": {"path":"C:\\Users\\Jarvis\\Verif-AI\\frontend\\src\\use_cases\\user\\UpdateProfileUseCase.ts","statementMap":{"0":{"start":{"line":17,"column":4},"end":{"line":19,"column":null}},"1":{"start":{"line":18,"column":6},"end":{"line":18,"column":null}},"2":{"start":{"line":22,"column":4},"end":{"line":32,"column":null}},"3":{"start":{"line":24,"column":6},"end":{"line":26,"column":null}},"4":{"start":{"line":25,"column":8},"end":{"line":25,"column":null}},"5":{"start":{"line":28,"column":33},"end":{"line":28,"column":null}},"6":{"start":{"line":29,"column":6},"end":{"line":31,"column":null}},"7":{"start":{"line":30,"column":8},"end":{"line":30,"column":null}},"8":{"start":{"line":35,"column":21},"end":{"line":35,"column":null}},"9":{"start":{"line":38,"column":4},"end":{"line":38,"column":null}},"10":{"start":{"line":40,"column":4},"end":{"line":44,"column":null}},"11":{"start":{"line":49,"column":36},"end":{"line":49,"column":null}}},"fnMap":{"0":{"name":"(anonymous_0)","decl":{"start":{"line":11,"column":8},"end":{"line":11,"column":16}},"loc":{"start":{"line":15,"column":5},"end":{"line":45,"column":null}},"line":15}},"branchMap":{"0":{"loc":{"start":{"line":17,"column":4},"end":{"line":19,"column":null}},"type":"if","locations":[{"start":{"line":17,"column":4},"end":{"line":19,"column":null}},{"start":{},"end":{}}],"line":17},"1":{"loc":{"start":{"line":17,"column":8},"end":{"line":17,"column":68}},"type":"binary-expr","locations":[{"start":{"line":17,"column":8},"end":{"line":17,"column":22}},{"start":{"line":17,"column":22},"end":{"line":17,"column":68}}],"line":17},"2":{"loc":{"start":{"line":22,"column":4},"end":{"line":32,"column":null}},"type":"if","locations":[{"start":{"line":22,"column":4},"end":{"line":32,"column":null}},{"start":{},"end":{}}],"line":22},"3":{"loc":{"start":{"line":24,"column":6},"end":{"line":26,"column":null}},"type":"if","locations":[{"start":{"line":24,"column":6},"end":{"line":26,"column":null}},{"start":{},"end":{}}],"line":24},"4":{"loc":{"start":{"line":29,"column":6},"end":{"line":31,"column":null}},"type":"if","locations":[{"start":{"line":29,"column":6},"end":{"line":31,"column":null}},{"start":{},"end":{}}],"line":29},"5":{"loc":{"start":{"line":42,"column":15},"end":{"line":42,"column":null}},"type":"binary-expr","locations":[{"start":{"line":42,"column":15},"end":{"line":42,"column":35}},{"start":{"line":42,"column":35},"end":{"line":42,"column":null}}],"line":42}},"s":{"0":0,"1":0,"2":0,"3":0,"4":0,"5":0,"6":0,"7":0,"8":0,"9":0,"10":0,"11":1},"f":{"0":0},"b":{"0":[0,0],"1":[0,0],"2":[0,0],"3":[0,0],"4":[0,0],"5":[0,0]},"meta":{"lastBranch":6,"lastFunction":1,"lastStatement":12,"seen":{"f:11:8:11:16":0,"b:17:4:19:Infinity:undefined:undefined:undefined:undefined":0,"s:17:4:19:Infinity":0,"b:17:8:17:22:17:22:17:68":1,"s:18:6:18:Infinity":1,"b:22:4:32:Infinity:undefined:undefined:undefined:undefined":2,"s:22:4:32:Infinity":2,"b:24:6:26:Infinity:undefined:undefined:undefined:undefined":3,"s:24:6:26:Infinity":3,"s:25:8:25:Infinity":4,"s:28:33:28:Infinity":5,"b:29:6:31:Infinity:undefined:undefined:undefined:undefined":4,"s:29:6:31:Infinity":6,"s:30:8:30:Infinity":7,"s:35:21:35:Infinity":8,"s:38:4:38:Infinity":9,"s:40:4:44:Infinity":10,"b:42:15:42:35:42:35:42:Infinity":5,"s:49:36:49:Infinity":11}}}
,"C:\\Users\\Jarvis\\Verif-AI\\frontend\\src\\use_cases\\user\\index.ts": {"path":"C:\\Users\\Jarvis\\Verif-AI\\frontend\\src\\use_cases\\user\\index.ts","statementMap":{},"fnMap":{},"branchMap":{},"s":{},"f":{},"b":{},"meta":{"lastBranch":0,"lastFunction":0,"lastStatement":0,"seen":{}}}
}
